{"/home/connected/enact-template/src/App/App.js": {"path":"/home/connected/enact-template/src/App/App.js","statementMap":{"0":{"start":{"line":23,"column":12},"end":{"line":44,"column":1}},"1":{"start":{"line":24,"column":41},"end":{"line":24,"column":74}},"2":{"start":{"line":25,"column":20},"end":{"line":25,"column":36}},"3":{"start":{"line":26,"column":21},"end":{"line":26,"column":38}},"4":{"start":{"line":27,"column":43},"end":{"line":27,"column":53}},"5":{"start":{"line":28,"column":1},"end":{"line":28,"column":35}},"6":{"start":{"line":30,"column":1},"end":{"line":43,"column":3}}},"fnMap":{"0":{"name":"(anonymous_0)","decl":{"start":{"line":23,"column":12},"end":{"line":23,"column":13}},"loc":{"start":{"line":23,"column":23},"end":{"line":44,"column":1}},"line":23}},"branchMap":{"0":{"loc":{"start":{"line":37,"column":4},"end":{"line":41,"column":4}},"type":"cond-expr","locations":[{"start":{"line":38,"column":4},"end":{"line":38,"column":40}},{"start":{"line":40,"column":4},"end":{"line":40,"column":12}}],"line":37}},"s":{"0":1,"1":1,"2":1,"3":1,"4":1,"5":1,"6":1},"f":{"0":1},"b":{"0":[1,0]},"_coverageSchema":"1a1c01bbd47fc00a2c39e90264f33305004495a9","hash":"aa6dcb5775759bd7c4c65cf46b4933042f3549a8"}
,"/home/connected/enact-template/src/App/AppState.js": {"path":"/home/connected/enact-template/src/App/AppState.js","statementMap":{"0":{"start":{"line":7,"column":32},"end":{"line":11,"column":7}},"1":{"start":{"line":8,"column":1},"end":{"line":11,"column":7}},"2":{"start":{"line":9,"column":19},"end":{"line":9,"column":27}},"3":{"start":{"line":10,"column":2},"end":{"line":10,"column":42}},"4":{"start":{"line":13,"column":31},"end":{"line":17,"column":7}},"5":{"start":{"line":14,"column":1},"end":{"line":17,"column":7}},"6":{"start":{"line":15,"column":2},"end":{"line":15,"column":32}},"7":{"start":{"line":16,"column":2},"end":{"line":16,"column":11}},"8":{"start":{"line":19,"column":37},"end":{"line":25,"column":22}},"9":{"start":{"line":20,"column":1},"end":{"line":25,"column":22}},"10":{"start":{"line":21,"column":2},"end":{"line":21,"column":39}},"11":{"start":{"line":22,"column":2},"end":{"line":24,"column":5}},"12":{"start":{"line":27,"column":30},"end":{"line":30,"column":7}},"13":{"start":{"line":28,"column":1},"end":{"line":30,"column":7}},"14":{"start":{"line":29,"column":2},"end":{"line":29,"column":26}},"15":{"start":{"line":32,"column":31},"end":{"line":36,"column":7}},"16":{"start":{"line":33,"column":1},"end":{"line":36,"column":7}},"17":{"start":{"line":34,"column":2},"end":{"line":34,"column":29}},"18":{"start":{"line":35,"column":2},"end":{"line":35,"column":13}},"19":{"start":{"line":39,"column":32},"end":{"line":66,"column":1}},"20":{"start":{"line":40,"column":32},"end":{"line":40,"column":57}},"21":{"start":{"line":42,"column":2},"end":{"line":42,"column":47}},"22":{"start":{"line":43,"column":28},"end":{"line":43,"column":52}},"23":{"start":{"line":45,"column":1},"end":{"line":65,"column":76}},"24":{"start":{"line":46,"column":17},"end":{"line":50,"column":3}},"25":{"start":{"line":52,"column":2},"end":{"line":56,"column":3}},"26":{"start":{"line":53,"column":3},"end":{"line":55,"column":4}},"27":{"start":{"line":54,"column":4},"end":{"line":54,"column":52}},"28":{"start":{"line":58,"column":2},"end":{"line":64,"column":4}},"29":{"start":{"line":59,"column":3},"end":{"line":63,"column":4}},"30":{"start":{"line":60,"column":4},"end":{"line":62,"column":5}},"31":{"start":{"line":61,"column":5},"end":{"line":61,"column":56}},"32":{"start":{"line":69,"column":32},"end":{"line":71,"column":1}},"33":{"start":{"line":70,"column":1},"end":{"line":70,"column":15}}},"fnMap":{"0":{"name":"(anonymous_0)","decl":{"start":{"line":7,"column":32},"end":{"line":7,"column":33}},"loc":{"start":{"line":8,"column":1},"end":{"line":11,"column":7}},"line":8},"1":{"name":"(anonymous_1)","decl":{"start":{"line":8,"column":13},"end":{"line":8,"column":14}},"loc":{"start":{"line":8,"column":19},"end":{"line":11,"column":2}},"line":8},"2":{"name":"(anonymous_2)","decl":{"start":{"line":13,"column":31},"end":{"line":13,"column":32}},"loc":{"start":{"line":14,"column":1},"end":{"line":17,"column":7}},"line":14},"3":{"name":"(anonymous_3)","decl":{"start":{"line":14,"column":13},"end":{"line":14,"column":14}},"loc":{"start":{"line":14,"column":19},"end":{"line":17,"column":2}},"line":14},"4":{"name":"(anonymous_4)","decl":{"start":{"line":19,"column":37},"end":{"line":19,"column":38}},"loc":{"start":{"line":20,"column":1},"end":{"line":25,"column":22}},"line":20},"5":{"name":"(anonymous_5)","decl":{"start":{"line":20,"column":13},"end":{"line":20,"column":14}},"loc":{"start":{"line":20,"column":19},"end":{"line":25,"column":2}},"line":20},"6":{"name":"(anonymous_6)","decl":{"start":{"line":27,"column":30},"end":{"line":27,"column":31}},"loc":{"start":{"line":28,"column":1},"end":{"line":30,"column":7}},"line":28},"7":{"name":"(anonymous_7)","decl":{"start":{"line":28,"column":13},"end":{"line":28,"column":14}},"loc":{"start":{"line":28,"column":19},"end":{"line":30,"column":2}},"line":28},"8":{"name":"(anonymous_8)","decl":{"start":{"line":32,"column":31},"end":{"line":32,"column":32}},"loc":{"start":{"line":33,"column":1},"end":{"line":36,"column":7}},"line":33},"9":{"name":"(anonymous_9)","decl":{"start":{"line":33,"column":13},"end":{"line":33,"column":14}},"loc":{"start":{"line":33,"column":19},"end":{"line":36,"column":2}},"line":33},"10":{"name":"(anonymous_10)","decl":{"start":{"line":39,"column":32},"end":{"line":39,"column":33}},"loc":{"start":{"line":39,"column":51},"end":{"line":66,"column":1}},"line":39},"11":{"name":"(anonymous_11)","decl":{"start":{"line":45,"column":11},"end":{"line":45,"column":12}},"loc":{"start":{"line":45,"column":17},"end":{"line":65,"column":2}},"line":45},"12":{"name":"(anonymous_12)","decl":{"start":{"line":58,"column":9},"end":{"line":58,"column":10}},"loc":{"start":{"line":58,"column":15},"end":{"line":64,"column":3}},"line":58},"13":{"name":"(anonymous_13)","decl":{"start":{"line":69,"column":32},"end":{"line":69,"column":33}},"loc":{"start":{"line":69,"column":38},"end":{"line":71,"column":1}},"line":69}},"branchMap":{"0":{"loc":{"start":{"line":52,"column":2},"end":{"line":56,"column":3}},"type":"if","locations":[{"start":{"line":52,"column":2},"end":{"line":56,"column":3}},{"start":{},"end":{}}],"line":52},"1":{"loc":{"start":{"line":59,"column":3},"end":{"line":63,"column":4}},"type":"if","locations":[{"start":{"line":59,"column":3},"end":{"line":63,"column":4}},{"start":{},"end":{}}],"line":59}},"s":{"0":1,"1":1,"2":0,"3":0,"4":1,"5":1,"6":1,"7":1,"8":1,"9":1,"10":0,"11":0,"12":1,"13":1,"14":0,"15":1,"16":1,"17":0,"18":0,"19":1,"20":1,"21":1,"22":1,"23":1,"24":1,"25":1,"26":1,"27":3,"28":1,"29":1,"30":1,"31":3,"32":1,"33":0},"f":{"0":1,"1":0,"2":1,"3":1,"4":1,"5":0,"6":1,"7":0,"8":1,"9":0,"10":1,"11":1,"12":1,"13":0},"b":{"0":[1,0],"1":[1,0]},"_coverageSchema":"1a1c01bbd47fc00a2c39e90264f33305004495a9","hash":"d2120e59650f322b3162e87301eb4c50f5955ceb"}
,"/home/connected/enact-template/src/constants/domEvents.js": {"path":"/home/connected/enact-template/src/constants/domEvents.js","statementMap":{"0":{"start":{"line":1,"column":22},"end":{"line":1,"column":29}},"1":{"start":{"line":2,"column":41},"end":{"line":2,"column":66}},"2":{"start":{"line":3,"column":33},"end":{"line":3,"column":51}},"3":{"start":{"line":4,"column":42},"end":{"line":4,"column":67}},"4":{"start":{"line":5,"column":35},"end":{"line":5,"column":54}},"5":{"start":{"line":6,"column":30},"end":{"line":6,"column":45}}},"fnMap":{},"branchMap":{},"s":{"0":1,"1":1,"2":1,"3":1,"4":1,"5":1},"f":{},"b":{},"_coverageSchema":"1a1c01bbd47fc00a2c39e90264f33305004495a9","hash":"1a2ee6069c572d76d4213e9d0f16d82e3e45444f"}
,"/home/connected/enact-template/src/hooks/useData.js": {"path":"/home/connected/enact-template/src/hooks/useData.js","statementMap":{"0":{"start":{"line":10,"column":27},"end":{"line":41,"column":1}},"1":{"start":{"line":11,"column":13},"end":{"line":11,"column":25}},"2":{"start":{"line":12,"column":27},"end":{"line":12,"column":57}},"3":{"start":{"line":14,"column":1},"end":{"line":38,"column":8}},"4":{"start":{"line":15,"column":2},"end":{"line":30,"column":3}},"5":{"start":{"line":16,"column":3},"end":{"line":16,"column":36}},"6":{"start":{"line":17,"column":3},"end":{"line":29,"column":6}},"7":{"start":{"line":23,"column":5},"end":{"line":23,"column":39}},"8":{"start":{"line":24,"column":5},"end":{"line":24,"column":19}},"9":{"start":{"line":27,"column":5},"end":{"line":27,"column":39}},"10":{"start":{"line":32,"column":2},"end":{"line":37,"column":4}},"11":{"start":{"line":33,"column":3},"end":{"line":36,"column":4}},"12":{"start":{"line":34,"column":4},"end":{"line":34,"column":25}},"13":{"start":{"line":35,"column":4},"end":{"line":35,"column":23}},"14":{"start":{"line":40,"column":1},"end":{"line":40,"column":14}},"15":{"start":{"line":45,"column":27},"end":{"line":76,"column":1}},"16":{"start":{"line":46,"column":13},"end":{"line":46,"column":25}},"17":{"start":{"line":47,"column":27},"end":{"line":47,"column":57}},"18":{"start":{"line":49,"column":1},"end":{"line":73,"column":8}},"19":{"start":{"line":50,"column":2},"end":{"line":65,"column":3}},"20":{"start":{"line":51,"column":3},"end":{"line":51,"column":36}},"21":{"start":{"line":52,"column":3},"end":{"line":64,"column":6}},"22":{"start":{"line":58,"column":5},"end":{"line":58,"column":39}},"23":{"start":{"line":59,"column":5},"end":{"line":59,"column":19}},"24":{"start":{"line":62,"column":5},"end":{"line":62,"column":39}},"25":{"start":{"line":67,"column":2},"end":{"line":72,"column":4}},"26":{"start":{"line":68,"column":3},"end":{"line":71,"column":4}},"27":{"start":{"line":69,"column":4},"end":{"line":69,"column":25}},"28":{"start":{"line":70,"column":4},"end":{"line":70,"column":23}},"29":{"start":{"line":75,"column":1},"end":{"line":75,"column":14}}},"fnMap":{"0":{"name":"(anonymous_0)","decl":{"start":{"line":10,"column":27},"end":{"line":10,"column":28}},"loc":{"start":{"line":10,"column":33},"end":{"line":41,"column":1}},"line":10},"1":{"name":"(anonymous_1)","decl":{"start":{"line":14,"column":11},"end":{"line":14,"column":12}},"loc":{"start":{"line":14,"column":17},"end":{"line":38,"column":2}},"line":14},"2":{"name":"(anonymous_2)","decl":{"start":{"line":22,"column":15},"end":{"line":22,"column":16}},"loc":{"start":{"line":22,"column":22},"end":{"line":25,"column":5}},"line":22},"3":{"name":"(anonymous_3)","decl":{"start":{"line":26,"column":15},"end":{"line":26,"column":16}},"loc":{"start":{"line":26,"column":22},"end":{"line":28,"column":5}},"line":26},"4":{"name":"(anonymous_4)","decl":{"start":{"line":32,"column":9},"end":{"line":32,"column":10}},"loc":{"start":{"line":32,"column":15},"end":{"line":37,"column":3}},"line":32},"5":{"name":"(anonymous_5)","decl":{"start":{"line":45,"column":27},"end":{"line":45,"column":28}},"loc":{"start":{"line":45,"column":33},"end":{"line":76,"column":1}},"line":45},"6":{"name":"(anonymous_6)","decl":{"start":{"line":49,"column":11},"end":{"line":49,"column":12}},"loc":{"start":{"line":49,"column":17},"end":{"line":73,"column":2}},"line":49},"7":{"name":"(anonymous_7)","decl":{"start":{"line":57,"column":15},"end":{"line":57,"column":16}},"loc":{"start":{"line":57,"column":22},"end":{"line":60,"column":5}},"line":57},"8":{"name":"(anonymous_8)","decl":{"start":{"line":61,"column":15},"end":{"line":61,"column":16}},"loc":{"start":{"line":61,"column":22},"end":{"line":63,"column":5}},"line":61},"9":{"name":"(anonymous_9)","decl":{"start":{"line":67,"column":9},"end":{"line":67,"column":10}},"loc":{"start":{"line":67,"column":15},"end":{"line":72,"column":3}},"line":67}},"branchMap":{"0":{"loc":{"start":{"line":15,"column":2},"end":{"line":30,"column":3}},"type":"if","locations":[{"start":{"line":15,"column":2},"end":{"line":30,"column":3}},{"start":{},"end":{}}],"line":15},"1":{"loc":{"start":{"line":33,"column":3},"end":{"line":36,"column":4}},"type":"if","locations":[{"start":{"line":33,"column":3},"end":{"line":36,"column":4}},{"start":{},"end":{}}],"line":33},"2":{"loc":{"start":{"line":50,"column":2},"end":{"line":65,"column":3}},"type":"if","locations":[{"start":{"line":50,"column":2},"end":{"line":65,"column":3}},{"start":{},"end":{}}],"line":50},"3":{"loc":{"start":{"line":68,"column":3},"end":{"line":71,"column":4}},"type":"if","locations":[{"start":{"line":68,"column":3},"end":{"line":71,"column":4}},{"start":{},"end":{}}],"line":68}},"s":{"0":1,"1":0,"2":0,"3":0,"4":0,"5":0,"6":0,"7":0,"8":0,"9":0,"10":0,"11":0,"12":0,"13":0,"14":0,"15":1,"16":0,"17":0,"18":0,"19":0,"20":0,"21":0,"22":0,"23":0,"24":0,"25":0,"26":0,"27":0,"28":0,"29":0},"f":{"0":0,"1":0,"2":0,"3":0,"4":0,"5":0,"6":0,"7":0,"8":0,"9":0},"b":{"0":[0,0],"1":[0,0],"2":[0,0],"3":[0,0]},"_coverageSchema":"1a1c01bbd47fc00a2c39e90264f33305004495a9","hash":"3fd914cdae30cb47d74fe5cfdea5a107eecbc0e5"}
,"/home/connected/enact-template/src/libs/request.js": {"path":"/home/connected/enact-template/src/libs/request.js","statementMap":{"0":{"start":{"line":5,"column":13},"end":{"line":25,"column":1}},"1":{"start":{"line":6,"column":1},"end":{"line":14,"column":2}},"2":{"start":{"line":7,"column":2},"end":{"line":13,"column":5}},"3":{"start":{"line":16,"column":1},"end":{"line":24,"column":3}},"4":{"start":{"line":17,"column":2},"end":{"line":23,"column":4}},"5":{"start":{"line":27,"column":16},"end":{"line":36,"column":1}},"6":{"start":{"line":27,"column":27},"end":{"line":36,"column":1}},"7":{"start":{"line":29,"column":1},"end":{"line":33,"column":2}},"8":{"start":{"line":35,"column":1},"end":{"line":35,"column":44}}},"fnMap":{"0":{"name":"(anonymous_0)","decl":{"start":{"line":5,"column":13},"end":{"line":5,"column":14}},"loc":{"start":{"line":5,"column":41},"end":{"line":25,"column":1}},"line":5},"1":{"name":"(anonymous_1)","decl":{"start":{"line":16,"column":20},"end":{"line":16,"column":21}},"loc":{"start":{"line":17,"column":2},"end":{"line":23,"column":4}},"line":17},"2":{"name":"(anonymous_2)","decl":{"start":{"line":27,"column":16},"end":{"line":27,"column":17}},"loc":{"start":{"line":27,"column":27},"end":{"line":36,"column":1}},"line":27},"3":{"name":"(anonymous_3)","decl":{"start":{"line":27,"column":27},"end":{"line":27,"column":28}},"loc":{"start":{"line":27,"column":39},"end":{"line":36,"column":1}},"line":27}},"branchMap":{"0":{"loc":{"start":{"line":6,"column":1},"end":{"line":14,"column":2}},"type":"if","locations":[{"start":{"line":6,"column":1},"end":{"line":14,"column":2}},{"start":{},"end":{}}],"line":6},"1":{"loc":{"start":{"line":29,"column":1},"end":{"line":33,"column":2}},"type":"if","locations":[{"start":{},"end":{}}],"line":29}},"s":{"0":1,"1":0,"2":0,"3":0,"4":0,"5":1,"6":0,"7":0,"8":0},"f":{"0":0,"1":0,"2":0,"3":0},"b":{"0":[0,0],"1":[0]},"_coverageSchema":"1a1c01bbd47fc00a2c39e90264f33305004495a9","hash":"8390440ea99268c6d9264ac657b7407c5faaf9be"}
,"/home/connected/enact-template/src/libs/services.js": {"path":"/home/connected/enact-template/src/libs/services.js","statementMap":{"0":{"start":{"line":3,"column":19},"end":{"line":3,"column":82}},"1":{"start":{"line":3,"column":31},"end":{"line":3,"column":82}},"2":{"start":{"line":5,"column":19},"end":{"line":6,"column":57}},"3":{"start":{"line":6,"column":1},"end":{"line":6,"column":57}}},"fnMap":{"0":{"name":"(anonymous_0)","decl":{"start":{"line":3,"column":19},"end":{"line":3,"column":20}},"loc":{"start":{"line":3,"column":31},"end":{"line":3,"column":82}},"line":3},"1":{"name":"(anonymous_1)","decl":{"start":{"line":5,"column":19},"end":{"line":5,"column":20}},"loc":{"start":{"line":6,"column":1},"end":{"line":6,"column":57}},"line":6}},"branchMap":{},"s":{"0":1,"1":0,"2":1,"3":0},"f":{"0":0,"1":0},"b":{},"_coverageSchema":"1a1c01bbd47fc00a2c39e90264f33305004495a9","hash":"fc1d8cc696f2a6abb51bd708fad1c7e9532fb707"}
,"/home/connected/enact-template/src/libs/testutils.js": {"path":"/home/connected/enact-template/src/libs/testutils.js","statementMap":{"0":{"start":{"line":8,"column":30},"end":{"line":12,"column":1}},"1":{"start":{"line":9,"column":1},"end":{"line":11,"column":4}},"2":{"start":{"line":10,"column":2},"end":{"line":10,"column":42}},"3":{"start":{"line":14,"column":31},"end":{"line":28,"column":1}},"4":{"start":{"line":18,"column":23},"end":{"line":18,"column":52}},"5":{"start":{"line":19,"column":13},"end":{"line":19,"column":15}},"6":{"start":{"line":20,"column":1},"end":{"line":22,"column":2}},"7":{"start":{"line":21,"column":2},"end":{"line":21,"column":46}},"8":{"start":{"line":24,"column":1},"end":{"line":26,"column":4}},"9":{"start":{"line":25,"column":2},"end":{"line":25,"column":45}},"10":{"start":{"line":27,"column":1},"end":{"line":27,"column":21}},"11":{"start":{"line":30,"column":15},"end":{"line":32,"column":1}},"12":{"start":{"line":31,"column":1},"end":{"line":31,"column":41}}},"fnMap":{"0":{"name":"(anonymous_0)","decl":{"start":{"line":8,"column":30},"end":{"line":8,"column":31}},"loc":{"start":{"line":8,"column":36},"end":{"line":12,"column":1}},"line":8},"1":{"name":"(anonymous_1)","decl":{"start":{"line":9,"column":50},"end":{"line":9,"column":51}},"loc":{"start":{"line":9,"column":56},"end":{"line":11,"column":2}},"line":9},"2":{"name":"(anonymous_2)","decl":{"start":{"line":14,"column":31},"end":{"line":14,"column":32}},"loc":{"start":{"line":17,"column":5},"end":{"line":28,"column":1}},"line":17},"3":{"name":"(anonymous_3)","decl":{"start":{"line":24,"column":11},"end":{"line":24,"column":12}},"loc":{"start":{"line":24,"column":23},"end":{"line":26,"column":2}},"line":24},"4":{"name":"(anonymous_4)","decl":{"start":{"line":30,"column":15},"end":{"line":30,"column":16}},"loc":{"start":{"line":30,"column":32},"end":{"line":32,"column":1}},"line":30}},"branchMap":{"0":{"loc":{"start":{"line":16,"column":2},"end":{"line":16,"column":18}},"type":"default-arg","locations":[{"start":{"line":16,"column":13},"end":{"line":16,"column":18}}],"line":16},"1":{"loc":{"start":{"line":20,"column":1},"end":{"line":22,"column":2}},"type":"if","locations":[{"start":{"line":20,"column":1},"end":{"line":22,"column":2}},{"start":{},"end":{}}],"line":20},"2":{"loc":{"start":{"line":30,"column":16},"end":{"line":30,"column":27}},"type":"default-arg","locations":[{"start":{"line":30,"column":25},"end":{"line":30,"column":27}}],"line":30}},"s":{"0":1,"1":0,"2":0,"3":1,"4":1,"5":1,"6":1,"7":0,"8":1,"9":1,"10":1,"11":1,"12":1},"f":{"0":0,"1":0,"2":1,"3":1,"4":1},"b":{"0":[1],"1":[0,1],"2":[1]},"_coverageSchema":"1a1c01bbd47fc00a2c39e90264f33305004495a9","hash":"8b2b16faef043de87a6ef1a80784a2a73d4ed02b"}
,"/home/connected/enact-template/src/libs/utils.js": {"path":"/home/connected/enact-template/src/libs/utils.js","statementMap":{"0":{"start":{"line":1,"column":25},"end":{"line":1,"column":57}},"1":{"start":{"line":1,"column":31},"end":{"line":1,"column":57}},"2":{"start":{"line":3,"column":27},"end":{"line":4,"column":54}},"3":{"start":{"line":4,"column":1},"end":{"line":4,"column":54}},"4":{"start":{"line":6,"column":26},"end":{"line":7,"column":68}},"5":{"start":{"line":7,"column":1},"end":{"line":7,"column":68}},"6":{"start":{"line":9,"column":24},"end":{"line":19,"column":1}},"7":{"start":{"line":10,"column":1},"end":{"line":12,"column":2}},"8":{"start":{"line":11,"column":2},"end":{"line":11,"column":9}},"9":{"start":{"line":14,"column":1},"end":{"line":17,"column":2}},"10":{"start":{"line":15,"column":2},"end":{"line":15,"column":36}},"11":{"start":{"line":16,"column":2},"end":{"line":16,"column":9}},"12":{"start":{"line":18,"column":1},"end":{"line":18,"column":28}},"13":{"start":{"line":21,"column":22},"end":{"line":27,"column":1}},"14":{"start":{"line":22,"column":1},"end":{"line":26,"column":2}},"15":{"start":{"line":23,"column":17},"end":{"line":23,"column":32}},"16":{"start":{"line":24,"column":19},"end":{"line":24,"column":59}},"17":{"start":{"line":25,"column":2},"end":{"line":25,"column":52}}},"fnMap":{"0":{"name":"(anonymous_0)","decl":{"start":{"line":1,"column":25},"end":{"line":1,"column":26}},"loc":{"start":{"line":1,"column":31},"end":{"line":1,"column":57}},"line":1},"1":{"name":"(anonymous_1)","decl":{"start":{"line":3,"column":27},"end":{"line":3,"column":28}},"loc":{"start":{"line":4,"column":1},"end":{"line":4,"column":54}},"line":4},"2":{"name":"(anonymous_2)","decl":{"start":{"line":6,"column":26},"end":{"line":6,"column":27}},"loc":{"start":{"line":7,"column":1},"end":{"line":7,"column":68}},"line":7},"3":{"name":"(anonymous_3)","decl":{"start":{"line":9,"column":24},"end":{"line":9,"column":25}},"loc":{"start":{"line":9,"column":38},"end":{"line":19,"column":1}},"line":9},"4":{"name":"(anonymous_4)","decl":{"start":{"line":21,"column":22},"end":{"line":21,"column":23}},"loc":{"start":{"line":21,"column":28},"end":{"line":27,"column":1}},"line":21}},"branchMap":{"0":{"loc":{"start":{"line":4,"column":1},"end":{"line":4,"column":54}},"type":"binary-expr","locations":[{"start":{"line":4,"column":1},"end":{"line":4,"column":12}},{"start":{"line":4,"column":16},"end":{"line":4,"column":54}}],"line":4},"1":{"loc":{"start":{"line":7,"column":1},"end":{"line":7,"column":68}},"type":"binary-expr","locations":[{"start":{"line":7,"column":1},"end":{"line":7,"column":39}},{"start":{"line":7,"column":43},"end":{"line":7,"column":68}}],"line":7},"2":{"loc":{"start":{"line":10,"column":1},"end":{"line":12,"column":2}},"type":"if","locations":[{"start":{"line":10,"column":1},"end":{"line":12,"column":2}},{"start":{},"end":{}}],"line":10},"3":{"loc":{"start":{"line":14,"column":1},"end":{"line":17,"column":2}},"type":"if","locations":[{"start":{"line":14,"column":1},"end":{"line":17,"column":2}},{"start":{},"end":{}}],"line":14},"4":{"loc":{"start":{"line":22,"column":1},"end":{"line":26,"column":2}},"type":"if","locations":[{"start":{"line":22,"column":1},"end":{"line":26,"column":2}},{"start":{},"end":{}}],"line":22}},"s":{"0":2,"1":3,"2":2,"3":3,"4":2,"5":1,"6":2,"7":0,"8":0,"9":0,"10":0,"11":0,"12":0,"13":2,"14":1,"15":1,"16":1,"17":1},"f":{"0":3,"1":3,"2":1,"3":0,"4":1},"b":{"0":[3,3],"1":[1,0],"2":[0,0],"3":[0,0],"4":[1,0]},"_coverageSchema":"1a1c01bbd47fc00a2c39e90264f33305004495a9","hash":"884533a892cb90f7f6fe300c3591876746552e81"}
,"/home/connected/enact-template/src/views/Login.js": {"path":"/home/connected/enact-template/src/views/Login.js","statementMap":{"0":{"start":{"line":65,"column":14},"end":{"line":146,"column":1}},"1":{"start":{"line":66,"column":4},"end":{"line":66,"column":35}},"2":{"start":{"line":75,"column":8},"end":{"line":75,"column":24}},"3":{"start":{"line":86,"column":8},"end":{"line":86,"column":18}},"4":{"start":{"line":88,"column":4},"end":{"line":145,"column":5}}},"fnMap":{"0":{"name":"(anonymous_0)","decl":{"start":{"line":65,"column":14},"end":{"line":65,"column":15}},"loc":{"start":{"line":65,"column":39},"end":{"line":146,"column":1}},"line":65}},"branchMap":{},"s":{"0":1,"1":1,"2":1,"3":1,"4":1},"f":{"0":1},"b":{},"_coverageSchema":"1a1c01bbd47fc00a2c39e90264f33305004495a9","hash":"f66b1d4503178f761b7c22c9078bfc637e08e864"}
,"/home/connected/enact-template/src/views/LoginState.js": {"path":"/home/connected/enact-template/src/views/LoginState.js","statementMap":{"0":{"start":{"line":5,"column":24},"end":{"line":70,"column":1}},"1":{"start":{"line":6,"column":37},"end":{"line":6,"column":51}},"2":{"start":{"line":7,"column":33},"end":{"line":7,"column":45}},"3":{"start":{"line":8,"column":33},"end":{"line":8,"column":45}},"4":{"start":{"line":10,"column":25},"end":{"line":12,"column":7}},"5":{"start":{"line":11,"column":2},"end":{"line":11,"column":21}},"6":{"start":{"line":14,"column":26},"end":{"line":18,"column":7}},"7":{"start":{"line":15,"column":2},"end":{"line":15,"column":22}},"8":{"start":{"line":16,"column":2},"end":{"line":16,"column":18}},"9":{"start":{"line":17,"column":2},"end":{"line":17,"column":18}},"10":{"start":{"line":20,"column":30},"end":{"line":27,"column":7}},"11":{"start":{"line":21,"column":2},"end":{"line":26,"column":3}},"12":{"start":{"line":22,"column":3},"end":{"line":22,"column":24}},"13":{"start":{"line":23,"column":3},"end":{"line":23,"column":42}},"14":{"start":{"line":25,"column":3},"end":{"line":25,"column":65}},"15":{"start":{"line":29,"column":30},"end":{"line":36,"column":7}},"16":{"start":{"line":30,"column":2},"end":{"line":35,"column":3}},"17":{"start":{"line":31,"column":3},"end":{"line":31,"column":24}},"18":{"start":{"line":32,"column":3},"end":{"line":32,"column":40}},"19":{"start":{"line":34,"column":3},"end":{"line":34,"column":65}},"20":{"start":{"line":38,"column":21},"end":{"line":58,"column":43}},"21":{"start":{"line":39,"column":2},"end":{"line":39,"column":55}},"22":{"start":{"line":40,"column":2},"end":{"line":57,"column":3}},"23":{"start":{"line":41,"column":20},"end":{"line":48,"column":5}},"24":{"start":{"line":49,"column":3},"end":{"line":51,"column":4}},"25":{"start":{"line":50,"column":4},"end":{"line":50,"column":36}},"26":{"start":{"line":52,"column":16},"end":{"line":52,"column":37}},"27":{"start":{"line":53,"column":3},"end":{"line":53,"column":38}},"28":{"start":{"line":54,"column":3},"end":{"line":54,"column":22}},"29":{"start":{"line":56,"column":3},"end":{"line":56,"column":43}},"30":{"start":{"line":60,"column":1},"end":{"line":69,"column":3}}},"fnMap":{"0":{"name":"(anonymous_0)","decl":{"start":{"line":5,"column":24},"end":{"line":5,"column":25}},"loc":{"start":{"line":5,"column":30},"end":{"line":70,"column":1}},"line":5},"1":{"name":"(anonymous_1)","decl":{"start":{"line":10,"column":37},"end":{"line":10,"column":38}},"loc":{"start":{"line":10,"column":43},"end":{"line":12,"column":2}},"line":10},"2":{"name":"(anonymous_2)","decl":{"start":{"line":14,"column":38},"end":{"line":14,"column":39}},"loc":{"start":{"line":14,"column":44},"end":{"line":18,"column":2}},"line":14},"3":{"name":"(anonymous_3)","decl":{"start":{"line":20,"column":42},"end":{"line":20,"column":43}},"loc":{"start":{"line":20,"column":49},"end":{"line":27,"column":2}},"line":20},"4":{"name":"(anonymous_4)","decl":{"start":{"line":29,"column":42},"end":{"line":29,"column":43}},"loc":{"start":{"line":29,"column":49},"end":{"line":36,"column":2}},"line":29},"5":{"name":"(anonymous_5)","decl":{"start":{"line":38,"column":33},"end":{"line":38,"column":34}},"loc":{"start":{"line":38,"column":45},"end":{"line":58,"column":2}},"line":38}},"branchMap":{"0":{"loc":{"start":{"line":21,"column":2},"end":{"line":26,"column":3}},"type":"if","locations":[{"start":{"line":21,"column":2},"end":{"line":26,"column":3}},{"start":{"line":24,"column":9},"end":{"line":26,"column":3}}],"line":21},"1":{"loc":{"start":{"line":21,"column":6},"end":{"line":21,"column":32}},"type":"binary-expr","locations":[{"start":{"line":21,"column":6},"end":{"line":21,"column":7}},{"start":{"line":21,"column":11},"end":{"line":21,"column":32}}],"line":21},"2":{"loc":{"start":{"line":30,"column":2},"end":{"line":35,"column":3}},"type":"if","locations":[{"start":{"line":30,"column":2},"end":{"line":35,"column":3}},{"start":{"line":33,"column":9},"end":{"line":35,"column":3}}],"line":30},"3":{"loc":{"start":{"line":30,"column":6},"end":{"line":30,"column":32}},"type":"binary-expr","locations":[{"start":{"line":30,"column":6},"end":{"line":30,"column":7}},{"start":{"line":30,"column":11},"end":{"line":30,"column":32}}],"line":30},"4":{"loc":{"start":{"line":49,"column":3},"end":{"line":51,"column":4}},"type":"if","locations":[{"start":{"line":49,"column":3},"end":{"line":51,"column":4}},{"start":{},"end":{}}],"line":49}},"s":{"0":1,"1":2,"2":2,"3":2,"4":2,"5":0,"6":2,"7":0,"8":0,"9":0,"10":2,"11":0,"12":0,"13":0,"14":0,"15":2,"16":0,"17":0,"18":0,"19":0,"20":2,"21":0,"22":0,"23":0,"24":0,"25":0,"26":0,"27":0,"28":0,"29":0,"30":2},"f":{"0":2,"1":0,"2":0,"3":0,"4":0,"5":0},"b":{"0":[0,0],"1":[0,0],"2":[0,0],"3":[0,0],"4":[0,0]},"_coverageSchema":"1a1c01bbd47fc00a2c39e90264f33305004495a9","hash":"d1bb7d6187e52891b388f7f0cbdd5a0c351da669"}
,"/home/connected/enact-template/src/views/Main.js": {"path":"/home/connected/enact-template/src/views/Main.js","statementMap":{"0":{"start":{"line":14,"column":22},"end":{"line":18,"column":1}},"1":{"start":{"line":20,"column":13},"end":{"line":168,"column":1}},"2":{"start":{"line":21,"column":26},"end":{"line":21,"column":40}},"3":{"start":{"line":22,"column":46},"end":{"line":22,"column":60}},"4":{"start":{"line":23,"column":38},"end":{"line":23,"column":58}},"5":{"start":{"line":24,"column":48},"end":{"line":24,"column":68}},"6":{"start":{"line":26,"column":4},"end":{"line":28,"column":20}},"7":{"start":{"line":27,"column":8},"end":{"line":27,"column":31}},"8":{"start":{"line":30,"column":29},"end":{"line":32,"column":5}},"9":{"start":{"line":31,"column":8},"end":{"line":31,"column":32}},"10":{"start":{"line":34,"column":30},"end":{"line":36,"column":5}},"11":{"start":{"line":35,"column":8},"end":{"line":35,"column":31}},"12":{"start":{"line":38,"column":28},"end":{"line":52,"column":5}},"13":{"start":{"line":39,"column":8},"end":{"line":51,"column":20}},"14":{"start":{"line":48,"column":27},"end":{"line":48,"column":50}},"15":{"start":{"line":54,"column":4},"end":{"line":167,"column":6}},"16":{"start":{"line":66,"column":24},"end":{"line":66,"column":60}},"17":{"start":{"line":67,"column":47},"end":{"line":67,"column":101}},"18":{"start":{"line":68,"column":24},"end":{"line":68,"column":53}},"19":{"start":{"line":69,"column":24},"end":{"line":69,"column":54}},"20":{"start":{"line":78,"column":60},"end":{"line":78,"column":114}},"21":{"start":{"line":79,"column":32},"end":{"line":79,"column":71}},"22":{"start":{"line":110,"column":44},"end":{"line":110,"column":73}},"23":{"start":{"line":121,"column":60},"end":{"line":121,"column":114}},"24":{"start":{"line":122,"column":32},"end":{"line":122,"column":71}},"25":{"start":{"line":153,"column":44},"end":{"line":153,"column":73}}},"fnMap":{"0":{"name":"(anonymous_0)","decl":{"start":{"line":20,"column":13},"end":{"line":20,"column":14}},"loc":{"start":{"line":20,"column":24},"end":{"line":168,"column":1}},"line":20},"1":{"name":"(anonymous_1)","decl":{"start":{"line":26,"column":14},"end":{"line":26,"column":15}},"loc":{"start":{"line":26,"column":20},"end":{"line":28,"column":5}},"line":26},"2":{"name":"(anonymous_2)","decl":{"start":{"line":30,"column":29},"end":{"line":30,"column":30}},"loc":{"start":{"line":30,"column":40},"end":{"line":32,"column":5}},"line":30},"3":{"name":"(anonymous_3)","decl":{"start":{"line":34,"column":30},"end":{"line":34,"column":31}},"loc":{"start":{"line":34,"column":36},"end":{"line":36,"column":5}},"line":34},"4":{"name":"(anonymous_4)","decl":{"start":{"line":38,"column":28},"end":{"line":38,"column":29}},"loc":{"start":{"line":39,"column":8},"end":{"line":51,"column":20}},"line":39},"5":{"name":"(anonymous_5)","decl":{"start":{"line":48,"column":21},"end":{"line":48,"column":22}},"loc":{"start":{"line":48,"column":27},"end":{"line":48,"column":50}},"line":48},"6":{"name":"(anonymous_6)","decl":{"start":{"line":65,"column":30},"end":{"line":65,"column":31}},"loc":{"start":{"line":65,"column":41},"end":{"line":70,"column":21}},"line":65},"7":{"name":"(anonymous_7)","decl":{"start":{"line":77,"column":38},"end":{"line":77,"column":39}},"loc":{"start":{"line":77,"column":49},"end":{"line":80,"column":29}},"line":77},"8":{"name":"(anonymous_8)","decl":{"start":{"line":109,"column":96},"end":{"line":109,"column":97}},"loc":{"start":{"line":110,"column":44},"end":{"line":110,"column":73}},"line":110},"9":{"name":"(anonymous_9)","decl":{"start":{"line":120,"column":38},"end":{"line":120,"column":39}},"loc":{"start":{"line":120,"column":49},"end":{"line":123,"column":29}},"line":120},"10":{"name":"(anonymous_10)","decl":{"start":{"line":152,"column":95},"end":{"line":152,"column":96}},"loc":{"start":{"line":153,"column":44},"end":{"line":153,"column":73}},"line":153}},"branchMap":{"0":{"loc":{"start":{"line":56,"column":13},"end":{"line":58,"column":13}},"type":"binary-expr","locations":[{"start":{"line":56,"column":13},"end":{"line":56,"column":26}},{"start":{"line":57,"column":16},"end":{"line":57,"column":91}}],"line":56},"1":{"loc":{"start":{"line":89,"column":41},"end":{"line":89,"column":145}},"type":"cond-expr","locations":[{"start":{"line":89,"column":64},"end":{"line":89,"column":107}},{"start":{"line":89,"column":110},"end":{"line":89,"column":145}}],"line":89},"2":{"loc":{"start":{"line":99,"column":41},"end":{"line":99,"column":145}},"type":"cond-expr","locations":[{"start":{"line":99,"column":64},"end":{"line":99,"column":107}},{"start":{"line":99,"column":110},"end":{"line":99,"column":145}}],"line":99},"3":{"loc":{"start":{"line":132,"column":41},"end":{"line":132,"column":145}},"type":"cond-expr","locations":[{"start":{"line":132,"column":64},"end":{"line":132,"column":107}},{"start":{"line":132,"column":110},"end":{"line":132,"column":145}}],"line":132},"4":{"loc":{"start":{"line":142,"column":41},"end":{"line":142,"column":145}},"type":"cond-expr","locations":[{"start":{"line":142,"column":64},"end":{"line":142,"column":107}},{"start":{"line":142,"column":110},"end":{"line":142,"column":145}}],"line":142}},"s":{"0":1,"1":1,"2":0,"3":0,"4":0,"5":0,"6":0,"7":0,"8":0,"9":0,"10":0,"11":0,"12":0,"13":0,"14":0,"15":0,"16":0,"17":0,"18":0,"19":0,"20":0,"21":0,"22":0,"23":0,"24":0,"25":0},"f":{"0":0,"1":0,"2":0,"3":0,"4":0,"5":0,"6":0,"7":0,"8":0,"9":0,"10":0},"b":{"0":[0,0],"1":[0,0],"2":[0,0],"3":[0,0],"4":[0,0]},"_coverageSchema":"1a1c01bbd47fc00a2c39e90264f33305004495a9","hash":"093739daef2e0018a2736efd2901b04b8171d8da"}
,"/home/connected/enact-template/src/views/MainState.js": {"path":"/home/connected/enact-template/src/views/MainState.js","statementMap":{"0":{"start":{"line":14,"column":28},"end":{"line":164,"column":1}},"1":{"start":{"line":15,"column":34},"end":{"line":15,"column":49}},"2":{"start":{"line":16,"column":35},"end":{"line":137,"column":3}},"3":{"start":{"line":139,"column":25},"end":{"line":146,"column":7}},"4":{"start":{"line":140,"column":17},"end":{"line":143,"column":4}},"5":{"start":{"line":144,"column":2},"end":{"line":144,"column":26}},"6":{"start":{"line":145,"column":2},"end":{"line":145,"column":19}},"7":{"start":{"line":148,"column":25},"end":{"line":150,"column":7}},"8":{"start":{"line":149,"column":2},"end":{"line":149,"column":18}},"9":{"start":{"line":152,"column":26},"end":{"line":154,"column":7}},"10":{"start":{"line":153,"column":2},"end":{"line":153,"column":19}},"11":{"start":{"line":156,"column":1},"end":{"line":163,"column":3}}},"fnMap":{"0":{"name":"(anonymous_0)","decl":{"start":{"line":14,"column":28},"end":{"line":14,"column":29}},"loc":{"start":{"line":14,"column":34},"end":{"line":164,"column":1}},"line":14},"1":{"name":"(anonymous_1)","decl":{"start":{"line":139,"column":37},"end":{"line":139,"column":38}},"loc":{"start":{"line":139,"column":49},"end":{"line":146,"column":2}},"line":139},"2":{"name":"(anonymous_2)","decl":{"start":{"line":148,"column":37},"end":{"line":148,"column":38}},"loc":{"start":{"line":148,"column":43},"end":{"line":150,"column":2}},"line":148},"3":{"name":"(anonymous_3)","decl":{"start":{"line":152,"column":38},"end":{"line":152,"column":39}},"loc":{"start":{"line":152,"column":44},"end":{"line":154,"column":2}},"line":152}},"branchMap":{},"s":{"0":1,"1":0,"2":0,"3":0,"4":0,"5":0,"6":0,"7":0,"8":0,"9":0,"10":0,"11":0},"f":{"0":0,"1":0,"2":0,"3":0},"b":{},"_coverageSchema":"1a1c01bbd47fc00a2c39e90264f33305004495a9","hash":"32f8b3d7de53bcab16e1b245b3c9c48cc525ea83"}
,"/home/connected/enact-template/src/views/MainState_DB.js": {"path":"/home/connected/enact-template/src/views/MainState_DB.js","statementMap":{"0":{"start":{"line":6,"column":28},"end":{"line":54,"column":1}},"1":{"start":{"line":7,"column":34},"end":{"line":7,"column":49}},"2":{"start":{"line":8,"column":35},"end":{"line":8,"column":47}},"3":{"start":{"line":9,"column":31},"end":{"line":9,"column":45}},"4":{"start":{"line":12,"column":24},"end":{"line":22,"column":2}},"5":{"start":{"line":13,"column":2},"end":{"line":21,"column":3}},"6":{"start":{"line":14,"column":20},"end":{"line":14,"column":71}},"7":{"start":{"line":15,"column":16},"end":{"line":15,"column":37}},"8":{"start":{"line":16,"column":3},"end":{"line":16,"column":22}},"9":{"start":{"line":18,"column":3},"end":{"line":18,"column":54}},"10":{"start":{"line":20,"column":3},"end":{"line":20,"column":21}},"11":{"start":{"line":24,"column":1},"end":{"line":26,"column":8}},"12":{"start":{"line":25,"column":2},"end":{"line":25,"column":19}},"13":{"start":{"line":28,"column":25},"end":{"line":35,"column":7}},"14":{"start":{"line":29,"column":17},"end":{"line":32,"column":4}},"15":{"start":{"line":33,"column":2},"end":{"line":33,"column":26}},"16":{"start":{"line":34,"column":2},"end":{"line":34,"column":19}},"17":{"start":{"line":37,"column":25},"end":{"line":39,"column":7}},"18":{"start":{"line":38,"column":2},"end":{"line":38,"column":18}},"19":{"start":{"line":41,"column":26},"end":{"line":43,"column":7}},"20":{"start":{"line":42,"column":2},"end":{"line":42,"column":19}},"21":{"start":{"line":45,"column":1},"end":{"line":53,"column":3}}},"fnMap":{"0":{"name":"(anonymous_0)","decl":{"start":{"line":6,"column":28},"end":{"line":6,"column":29}},"loc":{"start":{"line":6,"column":34},"end":{"line":54,"column":1}},"line":6},"1":{"name":"(anonymous_1)","decl":{"start":{"line":12,"column":24},"end":{"line":12,"column":25}},"loc":{"start":{"line":12,"column":36},"end":{"line":22,"column":2}},"line":12},"2":{"name":"(anonymous_2)","decl":{"start":{"line":24,"column":11},"end":{"line":24,"column":12}},"loc":{"start":{"line":24,"column":17},"end":{"line":26,"column":2}},"line":24},"3":{"name":"(anonymous_3)","decl":{"start":{"line":28,"column":37},"end":{"line":28,"column":38}},"loc":{"start":{"line":28,"column":49},"end":{"line":35,"column":2}},"line":28},"4":{"name":"(anonymous_4)","decl":{"start":{"line":37,"column":37},"end":{"line":37,"column":38}},"loc":{"start":{"line":37,"column":43},"end":{"line":39,"column":2}},"line":37},"5":{"name":"(anonymous_5)","decl":{"start":{"line":41,"column":38},"end":{"line":41,"column":39}},"loc":{"start":{"line":41,"column":44},"end":{"line":43,"column":2}},"line":41}},"branchMap":{},"s":{"0":0,"1":0,"2":0,"3":0,"4":0,"5":0,"6":0,"7":0,"8":0,"9":0,"10":0,"11":0,"12":0,"13":0,"14":0,"15":0,"16":0,"17":0,"18":0,"19":0,"20":0,"21":0},"f":{"0":0,"1":0,"2":0,"3":0,"4":0,"5":0},"b":{}}
,"/home/connected/enact-template/src/views/Main_DB.js": {"path":"/home/connected/enact-template/src/views/Main_DB.js","statementMap":{"0":{"start":{"line":10,"column":13},"end":{"line":119,"column":1}},"1":{"start":{"line":11,"column":35},"end":{"line":11,"column":49}},"2":{"start":{"line":12,"column":46},"end":{"line":12,"column":60}},"3":{"start":{"line":14,"column":29},"end":{"line":16,"column":5}},"4":{"start":{"line":15,"column":8},"end":{"line":15,"column":32}},"5":{"start":{"line":18,"column":30},"end":{"line":20,"column":5}},"6":{"start":{"line":19,"column":8},"end":{"line":19,"column":31}},"7":{"start":{"line":22,"column":28},"end":{"line":29,"column":5}},"8":{"start":{"line":23,"column":8},"end":{"line":28,"column":14}},"9":{"start":{"line":23,"column":69},"end":{"line":23,"column":92}},"10":{"start":{"line":31,"column":4},"end":{"line":37,"column":5}},"11":{"start":{"line":32,"column":8},"end":{"line":36,"column":10}},"12":{"start":{"line":39,"column":4},"end":{"line":118,"column":6}},"13":{"start":{"line":89,"column":28},"end":{"line":89,"column":57}},"14":{"start":{"line":100,"column":28},"end":{"line":100,"column":57}},"15":{"start":{"line":111,"column":28},"end":{"line":111,"column":57}}},"fnMap":{"0":{"name":"(anonymous_0)","decl":{"start":{"line":10,"column":13},"end":{"line":10,"column":14}},"loc":{"start":{"line":10,"column":24},"end":{"line":119,"column":1}},"line":10},"1":{"name":"(anonymous_1)","decl":{"start":{"line":14,"column":29},"end":{"line":14,"column":30}},"loc":{"start":{"line":14,"column":40},"end":{"line":16,"column":5}},"line":14},"2":{"name":"(anonymous_2)","decl":{"start":{"line":18,"column":30},"end":{"line":18,"column":31}},"loc":{"start":{"line":18,"column":36},"end":{"line":20,"column":5}},"line":18},"3":{"name":"(anonymous_3)","decl":{"start":{"line":22,"column":28},"end":{"line":22,"column":29}},"loc":{"start":{"line":23,"column":8},"end":{"line":28,"column":14}},"line":23},"4":{"name":"(anonymous_4)","decl":{"start":{"line":23,"column":63},"end":{"line":23,"column":64}},"loc":{"start":{"line":23,"column":69},"end":{"line":23,"column":92}},"line":23},"5":{"name":"(anonymous_5)","decl":{"start":{"line":88,"column":79},"end":{"line":88,"column":80}},"loc":{"start":{"line":89,"column":28},"end":{"line":89,"column":57}},"line":89},"6":{"name":"(anonymous_6)","decl":{"start":{"line":99,"column":79},"end":{"line":99,"column":80}},"loc":{"start":{"line":100,"column":28},"end":{"line":100,"column":57}},"line":100},"7":{"name":"(anonymous_7)","decl":{"start":{"line":110,"column":79},"end":{"line":110,"column":80}},"loc":{"start":{"line":111,"column":28},"end":{"line":111,"column":57}},"line":111}},"branchMap":{"0":{"loc":{"start":{"line":31,"column":4},"end":{"line":37,"column":5}},"type":"if","locations":[{"start":{"line":31,"column":4},"end":{"line":37,"column":5}},{"start":{},"end":{}}],"line":31},"1":{"loc":{"start":{"line":41,"column":13},"end":{"line":43,"column":13}},"type":"binary-expr","locations":[{"start":{"line":41,"column":13},"end":{"line":41,"column":26}},{"start":{"line":42,"column":16},"end":{"line":42,"column":91}}],"line":41}},"s":{"0":0,"1":0,"2":0,"3":0,"4":0,"5":0,"6":0,"7":0,"8":0,"9":0,"10":0,"11":0,"12":0,"13":0,"14":0,"15":0},"f":{"0":0,"1":0,"2":0,"3":0,"4":0,"5":0,"6":0,"7":0},"b":{"0":[0,0],"1":[0,0]}}
,"/home/connected/enact-template/src/views/SelectableVideoPlayer.js": {"path":"/home/connected/enact-template/src/views/SelectableVideoPlayer.js","statementMap":{"0":{"start":{"line":7,"column":30},"end":{"line":75,"column":1}},"1":{"start":{"line":8,"column":18},"end":{"line":8,"column":30}},"2":{"start":{"line":10,"column":35},"end":{"line":10,"column":47}},"3":{"start":{"line":12,"column":31},"end":{"line":20,"column":16}},"4":{"start":{"line":13,"column":24},"end":{"line":13,"column":56}},"5":{"start":{"line":15,"column":2},"end":{"line":19,"column":3}},"6":{"start":{"line":16,"column":3},"end":{"line":16,"column":31}},"7":{"start":{"line":18,"column":3},"end":{"line":18,"column":67}},"8":{"start":{"line":18,"column":59},"end":{"line":18,"column":64}},"9":{"start":{"line":22,"column":26},"end":{"line":32,"column":16}},"10":{"start":{"line":23,"column":2},"end":{"line":31,"column":3}},"11":{"start":{"line":24,"column":42},"end":{"line":24,"column":51}},"12":{"start":{"line":25,"column":25},"end":{"line":25,"column":57}},"13":{"start":{"line":27,"column":3},"end":{"line":30,"column":4}},"14":{"start":{"line":29,"column":4},"end":{"line":29,"column":42}},"15":{"start":{"line":34,"column":36},"end":{"line":51,"column":16}},"16":{"start":{"line":36,"column":2},"end":{"line":36,"column":22}},"17":{"start":{"line":38,"column":2},"end":{"line":50,"column":3}},"18":{"start":{"line":39,"column":42},"end":{"line":39,"column":51}},"19":{"start":{"line":40,"column":31},"end":{"line":40,"column":33}},"20":{"start":{"line":43,"column":3},"end":{"line":49,"column":4}},"21":{"start":{"line":44,"column":4},"end":{"line":44,"column":42}},"22":{"start":{"line":45,"column":10},"end":{"line":49,"column":4}},"23":{"start":{"line":48,"column":4},"end":{"line":48,"column":40}},"24":{"start":{"line":53,"column":18},"end":{"line":55,"column":2}},"25":{"start":{"line":54,"column":2},"end":{"line":54,"column":27}},"26":{"start":{"line":57,"column":19},"end":{"line":57,"column":41}},"27":{"start":{"line":59,"column":1},"end":{"line":73,"column":3}},"28":{"start":{"line":77,"column":18},"end":{"line":83,"column":2}},"29":{"start":{"line":81,"column":2},"end":{"line":81,"column":27}}},"fnMap":{"0":{"name":"(anonymous_0)","decl":{"start":{"line":7,"column":30},"end":{"line":7,"column":31}},"loc":{"start":{"line":7,"column":41},"end":{"line":75,"column":1}},"line":7},"1":{"name":"(anonymous_1)","decl":{"start":{"line":12,"column":43},"end":{"line":12,"column":44}},"loc":{"start":{"line":12,"column":49},"end":{"line":20,"column":2}},"line":12},"2":{"name":"(anonymous_2)","decl":{"start":{"line":18,"column":49},"end":{"line":18,"column":50}},"loc":{"start":{"line":18,"column":59},"end":{"line":18,"column":64}},"line":18},"3":{"name":"(anonymous_3)","decl":{"start":{"line":22,"column":38},"end":{"line":22,"column":39}},"loc":{"start":{"line":22,"column":44},"end":{"line":32,"column":2}},"line":22},"4":{"name":"(anonymous_4)","decl":{"start":{"line":34,"column":48},"end":{"line":34,"column":49}},"loc":{"start":{"line":34,"column":56},"end":{"line":51,"column":2}},"line":34},"5":{"name":"(anonymous_5)","decl":{"start":{"line":53,"column":18},"end":{"line":53,"column":19}},"loc":{"start":{"line":53,"column":29},"end":{"line":55,"column":2}},"line":53},"6":{"name":"(anonymous_6)","decl":{"start":{"line":80,"column":9},"end":{"line":80,"column":10}},"loc":{"start":{"line":81,"column":2},"end":{"line":81,"column":27}},"line":81}},"branchMap":{"0":{"loc":{"start":{"line":15,"column":2},"end":{"line":19,"column":3}},"type":"if","locations":[{"start":{"line":15,"column":2},"end":{"line":19,"column":3}},{"start":{"line":17,"column":9},"end":{"line":19,"column":3}}],"line":15},"1":{"loc":{"start":{"line":23,"column":2},"end":{"line":31,"column":3}},"type":"if","locations":[{"start":{"line":23,"column":2},"end":{"line":31,"column":3}},{"start":{},"end":{}}],"line":23},"2":{"loc":{"start":{"line":27,"column":3},"end":{"line":30,"column":4}},"type":"if","locations":[{"start":{"line":27,"column":3},"end":{"line":30,"column":4}},{"start":{},"end":{}}],"line":27},"3":{"loc":{"start":{"line":27,"column":7},"end":{"line":27,"column":65}},"type":"binary-expr","locations":[{"start":{"line":27,"column":7},"end":{"line":27,"column":33}},{"start":{"line":27,"column":37},"end":{"line":27,"column":65}}],"line":27},"4":{"loc":{"start":{"line":38,"column":2},"end":{"line":50,"column":3}},"type":"if","locations":[{"start":{"line":38,"column":2},"end":{"line":50,"column":3}},{"start":{},"end":{}}],"line":38},"5":{"loc":{"start":{"line":43,"column":3},"end":{"line":49,"column":4}},"type":"if","locations":[{"start":{"line":43,"column":3},"end":{"line":49,"column":4}},{"start":{"line":45,"column":10},"end":{"line":49,"column":4}}],"line":43},"6":{"loc":{"start":{"line":45,"column":10},"end":{"line":49,"column":4}},"type":"if","locations":[{"start":{"line":45,"column":10},"end":{"line":49,"column":4}},{"start":{},"end":{}}],"line":45},"7":{"loc":{"start":{"line":69,"column":66},"end":{"line":69,"column":106}},"type":"cond-expr","locations":[{"start":{"line":69,"column":78},"end":{"line":69,"column":89}},{"start":{"line":69,"column":92},"end":{"line":69,"column":106}}],"line":69}},"s":{"0":0,"1":0,"2":0,"3":0,"4":0,"5":0,"6":0,"7":0,"8":0,"9":0,"10":0,"11":0,"12":0,"13":0,"14":0,"15":0,"16":0,"17":0,"18":0,"19":0,"20":0,"21":0,"22":0,"23":0,"24":0,"25":0,"26":0,"27":0,"28":0,"29":0},"f":{"0":0,"1":0,"2":0,"3":0,"4":0,"5":0,"6":0},"b":{"0":[0,0],"1":[0,0],"2":[0,0],"3":[0,0],"4":[0,0],"5":[0,0],"6":[0,0],"7":[0,0]}}
,"/home/connected/enact-template/src/views/Signup.js": {"path":"/home/connected/enact-template/src/views/Signup.js","statementMap":{"0":{"start":{"line":10,"column":15},"end":{"line":40,"column":1}},"1":{"start":{"line":11,"column":68},"end":{"line":11,"column":84}},"2":{"start":{"line":13,"column":4},"end":{"line":39,"column":6}}},"fnMap":{"0":{"name":"(anonymous_0)","decl":{"start":{"line":10,"column":15},"end":{"line":10,"column":16}},"loc":{"start":{"line":10,"column":21},"end":{"line":40,"column":1}},"line":10}},"branchMap":{},"s":{"0":0,"1":0,"2":0},"f":{"0":0},"b":{}}
,"/home/connected/enact-template/src/views/SignupState.js": {"path":"/home/connected/enact-template/src/views/SignupState.js","statementMap":{"0":{"start":{"line":7,"column":30},"end":{"line":81,"column":1}},"1":{"start":{"line":8,"column":39},"end":{"line":8,"column":51}},"2":{"start":{"line":9,"column":39},"end":{"line":9,"column":51}},"3":{"start":{"line":10,"column":42},"end":{"line":10,"column":57}},"4":{"start":{"line":11,"column":44},"end":{"line":11,"column":56}},"5":{"start":{"line":14,"column":39},"end":{"line":22,"column":10}},"6":{"start":{"line":16,"column":8},"end":{"line":21,"column":9}},"7":{"start":{"line":17,"column":12},"end":{"line":17,"column":33}},"8":{"start":{"line":18,"column":12},"end":{"line":18,"column":50}},"9":{"start":{"line":20,"column":12},"end":{"line":20,"column":65}},"10":{"start":{"line":24,"column":39},"end":{"line":31,"column":7}},"11":{"start":{"line":25,"column":2},"end":{"line":30,"column":3}},"12":{"start":{"line":26,"column":3},"end":{"line":26,"column":24}},"13":{"start":{"line":27,"column":12},"end":{"line":27,"column":54}},"14":{"start":{"line":29,"column":3},"end":{"line":29,"column":55}},"15":{"start":{"line":42,"column":25},"end":{"line":73,"column":34}},"16":{"start":{"line":43,"column":8},"end":{"line":43,"column":64}},"17":{"start":{"line":45,"column":8},"end":{"line":70,"column":9}},"18":{"start":{"line":46,"column":29},"end":{"line":53,"column":14}},"19":{"start":{"line":54,"column":12},"end":{"line":56,"column":4}},"20":{"start":{"line":55,"column":4},"end":{"line":55,"column":38}},"21":{"start":{"line":57,"column":25},"end":{"line":57,"column":46}},"22":{"start":{"line":58,"column":3},"end":{"line":58,"column":40}},"23":{"start":{"line":61,"column":12},"end":{"line":61,"column":51}},"24":{"start":{"line":65,"column":12},"end":{"line":65,"column":61}},"25":{"start":{"line":66,"column":12},"end":{"line":66,"column":47}},"26":{"start":{"line":69,"column":12},"end":{"line":69,"column":33}},"27":{"start":{"line":75,"column":4},"end":{"line":80,"column":23}}},"fnMap":{"0":{"name":"(anonymous_0)","decl":{"start":{"line":7,"column":30},"end":{"line":7,"column":31}},"loc":{"start":{"line":7,"column":36},"end":{"line":81,"column":1}},"line":7},"1":{"name":"(anonymous_1)","decl":{"start":{"line":14,"column":51},"end":{"line":14,"column":52}},"loc":{"start":{"line":14,"column":58},"end":{"line":22,"column":5}},"line":14},"2":{"name":"(anonymous_2)","decl":{"start":{"line":24,"column":51},"end":{"line":24,"column":52}},"loc":{"start":{"line":24,"column":58},"end":{"line":31,"column":2}},"line":24},"3":{"name":"(anonymous_3)","decl":{"start":{"line":42,"column":37},"end":{"line":42,"column":38}},"loc":{"start":{"line":42,"column":49},"end":{"line":73,"column":5}},"line":42}},"branchMap":{"0":{"loc":{"start":{"line":16,"column":8},"end":{"line":21,"column":9}},"type":"if","locations":[{"start":{"line":16,"column":8},"end":{"line":21,"column":9}},{"start":{"line":19,"column":15},"end":{"line":21,"column":9}}],"line":16},"1":{"loc":{"start":{"line":16,"column":12},"end":{"line":16,"column":38}},"type":"binary-expr","locations":[{"start":{"line":16,"column":12},"end":{"line":16,"column":13}},{"start":{"line":16,"column":17},"end":{"line":16,"column":38}}],"line":16},"2":{"loc":{"start":{"line":25,"column":2},"end":{"line":30,"column":3}},"type":"if","locations":[{"start":{"line":25,"column":2},"end":{"line":30,"column":3}},{"start":{"line":28,"column":9},"end":{"line":30,"column":3}}],"line":25},"3":{"loc":{"start":{"line":25,"column":6},"end":{"line":25,"column":32}},"type":"binary-expr","locations":[{"start":{"line":25,"column":6},"end":{"line":25,"column":7}},{"start":{"line":25,"column":11},"end":{"line":25,"column":32}}],"line":25},"4":{"loc":{"start":{"line":54,"column":12},"end":{"line":56,"column":4}},"type":"if","locations":[{"start":{"line":54,"column":12},"end":{"line":56,"column":4}},{"start":{},"end":{}}],"line":54}},"s":{"0":1,"1":1,"2":1,"3":1,"4":1,"5":1,"6":0,"7":0,"8":0,"9":0,"10":1,"11":0,"12":0,"13":0,"14":0,"15":1,"16":0,"17":0,"18":0,"19":0,"20":0,"21":0,"22":0,"23":0,"24":0,"25":0,"26":0,"27":1},"f":{"0":1,"1":0,"2":0,"3":0},"b":{"0":[0,0],"1":[0,0],"2":[0,0],"3":[0,0],"4":[0,0]},"_coverageSchema":"1a1c01bbd47fc00a2c39e90264f33305004495a9","hash":"2c47985123fb8244a1ae3c22b1a331f235743937"}
,"/home/connected/enact-template/src/views/VideoPlayer.js": {"path":"/home/connected/enact-template/src/views/VideoPlayer.js","statementMap":{"0":{"start":{"line":8,"column":30},"end":{"line":76,"column":1}},"1":{"start":{"line":9,"column":21},"end":{"line":9,"column":33}},"2":{"start":{"line":10,"column":38},"end":{"line":10,"column":50}},"3":{"start":{"line":12,"column":34},"end":{"line":20,"column":19}},"4":{"start":{"line":13,"column":32},"end":{"line":13,"column":64}},"5":{"start":{"line":15,"column":8},"end":{"line":19,"column":9}},"6":{"start":{"line":16,"column":12},"end":{"line":16,"column":40}},"7":{"start":{"line":18,"column":12},"end":{"line":18,"column":76}},"8":{"start":{"line":18,"column":68},"end":{"line":18,"column":73}},"9":{"start":{"line":22,"column":29},"end":{"line":31,"column":19}},"10":{"start":{"line":23,"column":8},"end":{"line":30,"column":9}},"11":{"start":{"line":24,"column":51},"end":{"line":24,"column":60}},"12":{"start":{"line":25,"column":36},"end":{"line":25,"column":68}},"13":{"start":{"line":27,"column":12},"end":{"line":29,"column":13}},"14":{"start":{"line":28,"column":16},"end":{"line":28,"column":54}},"15":{"start":{"line":33,"column":39},"end":{"line":46,"column":19}},"16":{"start":{"line":34,"column":8},"end":{"line":34,"column":28}},"17":{"start":{"line":36,"column":8},"end":{"line":45,"column":9}},"18":{"start":{"line":37,"column":51},"end":{"line":37,"column":60}},"19":{"start":{"line":38,"column":42},"end":{"line":38,"column":44}},"20":{"start":{"line":40,"column":12},"end":{"line":44,"column":13}},"21":{"start":{"line":41,"column":16},"end":{"line":41,"column":54}},"22":{"start":{"line":42,"column":19},"end":{"line":44,"column":13}},"23":{"start":{"line":43,"column":16},"end":{"line":43,"column":52}},"24":{"start":{"line":48,"column":21},"end":{"line":50,"column":5}},"25":{"start":{"line":49,"column":8},"end":{"line":49,"column":33}},"26":{"start":{"line":52,"column":22},"end":{"line":52,"column":44}},"27":{"start":{"line":54,"column":4},"end":{"line":75,"column":6}}},"fnMap":{"0":{"name":"(anonymous_0)","decl":{"start":{"line":8,"column":30},"end":{"line":8,"column":31}},"loc":{"start":{"line":8,"column":54},"end":{"line":76,"column":1}},"line":8},"1":{"name":"(anonymous_1)","decl":{"start":{"line":12,"column":46},"end":{"line":12,"column":47}},"loc":{"start":{"line":12,"column":52},"end":{"line":20,"column":5}},"line":12},"2":{"name":"(anonymous_2)","decl":{"start":{"line":18,"column":58},"end":{"line":18,"column":59}},"loc":{"start":{"line":18,"column":68},"end":{"line":18,"column":73}},"line":18},"3":{"name":"(anonymous_3)","decl":{"start":{"line":22,"column":41},"end":{"line":22,"column":42}},"loc":{"start":{"line":22,"column":47},"end":{"line":31,"column":5}},"line":22},"4":{"name":"(anonymous_4)","decl":{"start":{"line":33,"column":51},"end":{"line":33,"column":52}},"loc":{"start":{"line":33,"column":59},"end":{"line":46,"column":5}},"line":33},"5":{"name":"(anonymous_5)","decl":{"start":{"line":48,"column":21},"end":{"line":48,"column":22}},"loc":{"start":{"line":48,"column":32},"end":{"line":50,"column":5}},"line":48}},"branchMap":{"0":{"loc":{"start":{"line":15,"column":8},"end":{"line":19,"column":9}},"type":"if","locations":[{"start":{"line":15,"column":8},"end":{"line":19,"column":9}},{"start":{"line":17,"column":15},"end":{"line":19,"column":9}}],"line":15},"1":{"loc":{"start":{"line":23,"column":8},"end":{"line":30,"column":9}},"type":"if","locations":[{"start":{"line":23,"column":8},"end":{"line":30,"column":9}},{"start":{},"end":{}}],"line":23},"2":{"loc":{"start":{"line":27,"column":12},"end":{"line":29,"column":13}},"type":"if","locations":[{"start":{"line":27,"column":12},"end":{"line":29,"column":13}},{"start":{},"end":{}}],"line":27},"3":{"loc":{"start":{"line":27,"column":16},"end":{"line":27,"column":74}},"type":"binary-expr","locations":[{"start":{"line":27,"column":16},"end":{"line":27,"column":42}},{"start":{"line":27,"column":46},"end":{"line":27,"column":74}}],"line":27},"4":{"loc":{"start":{"line":36,"column":8},"end":{"line":45,"column":9}},"type":"if","locations":[{"start":{"line":36,"column":8},"end":{"line":45,"column":9}},{"start":{},"end":{}}],"line":36},"5":{"loc":{"start":{"line":40,"column":12},"end":{"line":44,"column":13}},"type":"if","locations":[{"start":{"line":40,"column":12},"end":{"line":44,"column":13}},{"start":{"line":42,"column":19},"end":{"line":44,"column":13}}],"line":40},"6":{"loc":{"start":{"line":42,"column":19},"end":{"line":44,"column":13}},"type":"if","locations":[{"start":{"line":42,"column":19},"end":{"line":44,"column":13}},{"start":{},"end":{}}],"line":42},"7":{"loc":{"start":{"line":66,"column":25},"end":{"line":66,"column":65}},"type":"cond-expr","locations":[{"start":{"line":66,"column":37},"end":{"line":66,"column":48}},{"start":{"line":66,"column":51},"end":{"line":66,"column":65}}],"line":66}},"s":{"0":1,"1":0,"2":0,"3":0,"4":0,"5":0,"6":0,"7":0,"8":0,"9":0,"10":0,"11":0,"12":0,"13":0,"14":0,"15":0,"16":0,"17":0,"18":0,"19":0,"20":0,"21":0,"22":0,"23":0,"24":0,"25":0,"26":0,"27":0},"f":{"0":0,"1":0,"2":0,"3":0,"4":0,"5":0},"b":{"0":[0,0],"1":[0,0],"2":[0,0],"3":[0,0],"4":[0,0],"5":[0,0],"6":[0,0],"7":[0,0]},"_coverageSchema":"1a1c01bbd47fc00a2c39e90264f33305004495a9","hash":"b348c1a97b0b9f1d14f872403282ce5db52b2c8d"}
,"/home/connected/enact-template/src/views/tempCodeRunnerFile.js": {"path":"/home/connected/enact-template/src/views/tempCodeRunnerFile.js","statementMap":{"0":{"start":{"line":7,"column":30},"end":{"line":75,"column":1}},"1":{"start":{"line":8,"column":18},"end":{"line":8,"column":30}},"2":{"start":{"line":10,"column":35},"end":{"line":10,"column":47}},"3":{"start":{"line":12,"column":31},"end":{"line":20,"column":16}},"4":{"start":{"line":13,"column":24},"end":{"line":13,"column":56}},"5":{"start":{"line":15,"column":2},"end":{"line":19,"column":3}},"6":{"start":{"line":16,"column":3},"end":{"line":16,"column":31}},"7":{"start":{"line":18,"column":3},"end":{"line":18,"column":67}},"8":{"start":{"line":18,"column":59},"end":{"line":18,"column":64}},"9":{"start":{"line":22,"column":26},"end":{"line":32,"column":16}},"10":{"start":{"line":23,"column":2},"end":{"line":31,"column":3}},"11":{"start":{"line":24,"column":42},"end":{"line":24,"column":51}},"12":{"start":{"line":25,"column":25},"end":{"line":25,"column":57}},"13":{"start":{"line":27,"column":3},"end":{"line":30,"column":4}},"14":{"start":{"line":29,"column":4},"end":{"line":29,"column":42}},"15":{"start":{"line":34,"column":36},"end":{"line":51,"column":16}},"16":{"start":{"line":36,"column":2},"end":{"line":36,"column":22}},"17":{"start":{"line":38,"column":2},"end":{"line":50,"column":3}},"18":{"start":{"line":39,"column":42},"end":{"line":39,"column":51}},"19":{"start":{"line":40,"column":31},"end":{"line":40,"column":33}},"20":{"start":{"line":43,"column":3},"end":{"line":49,"column":4}},"21":{"start":{"line":44,"column":4},"end":{"line":44,"column":42}},"22":{"start":{"line":45,"column":10},"end":{"line":49,"column":4}},"23":{"start":{"line":48,"column":4},"end":{"line":48,"column":40}},"24":{"start":{"line":53,"column":18},"end":{"line":55,"column":2}},"25":{"start":{"line":54,"column":2},"end":{"line":54,"column":27}},"26":{"start":{"line":57,"column":19},"end":{"line":57,"column":41}},"27":{"start":{"line":59,"column":1},"end":{"line":73,"column":3}},"28":{"start":{"line":77,"column":18},"end":{"line":83,"column":2}},"29":{"start":{"line":81,"column":2},"end":{"line":81,"column":27}}},"fnMap":{"0":{"name":"(anonymous_0)","decl":{"start":{"line":7,"column":30},"end":{"line":7,"column":31}},"loc":{"start":{"line":7,"column":41},"end":{"line":75,"column":1}},"line":7},"1":{"name":"(anonymous_1)","decl":{"start":{"line":12,"column":43},"end":{"line":12,"column":44}},"loc":{"start":{"line":12,"column":49},"end":{"line":20,"column":2}},"line":12},"2":{"name":"(anonymous_2)","decl":{"start":{"line":18,"column":49},"end":{"line":18,"column":50}},"loc":{"start":{"line":18,"column":59},"end":{"line":18,"column":64}},"line":18},"3":{"name":"(anonymous_3)","decl":{"start":{"line":22,"column":38},"end":{"line":22,"column":39}},"loc":{"start":{"line":22,"column":44},"end":{"line":32,"column":2}},"line":22},"4":{"name":"(anonymous_4)","decl":{"start":{"line":34,"column":48},"end":{"line":34,"column":49}},"loc":{"start":{"line":34,"column":56},"end":{"line":51,"column":2}},"line":34},"5":{"name":"(anonymous_5)","decl":{"start":{"line":53,"column":18},"end":{"line":53,"column":19}},"loc":{"start":{"line":53,"column":29},"end":{"line":55,"column":2}},"line":53},"6":{"name":"(anonymous_6)","decl":{"start":{"line":80,"column":9},"end":{"line":80,"column":10}},"loc":{"start":{"line":81,"column":2},"end":{"line":81,"column":27}},"line":81}},"branchMap":{"0":{"loc":{"start":{"line":15,"column":2},"end":{"line":19,"column":3}},"type":"if","locations":[{"start":{"line":15,"column":2},"end":{"line":19,"column":3}},{"start":{"line":17,"column":9},"end":{"line":19,"column":3}}],"line":15},"1":{"loc":{"start":{"line":23,"column":2},"end":{"line":31,"column":3}},"type":"if","locations":[{"start":{"line":23,"column":2},"end":{"line":31,"column":3}},{"start":{},"end":{}}],"line":23},"2":{"loc":{"start":{"line":27,"column":3},"end":{"line":30,"column":4}},"type":"if","locations":[{"start":{"line":27,"column":3},"end":{"line":30,"column":4}},{"start":{},"end":{}}],"line":27},"3":{"loc":{"start":{"line":27,"column":7},"end":{"line":27,"column":65}},"type":"binary-expr","locations":[{"start":{"line":27,"column":7},"end":{"line":27,"column":33}},{"start":{"line":27,"column":37},"end":{"line":27,"column":65}}],"line":27},"4":{"loc":{"start":{"line":38,"column":2},"end":{"line":50,"column":3}},"type":"if","locations":[{"start":{"line":38,"column":2},"end":{"line":50,"column":3}},{"start":{},"end":{}}],"line":38},"5":{"loc":{"start":{"line":43,"column":3},"end":{"line":49,"column":4}},"type":"if","locations":[{"start":{"line":43,"column":3},"end":{"line":49,"column":4}},{"start":{"line":45,"column":10},"end":{"line":49,"column":4}}],"line":43},"6":{"loc":{"start":{"line":45,"column":10},"end":{"line":49,"column":4}},"type":"if","locations":[{"start":{"line":45,"column":10},"end":{"line":49,"column":4}},{"start":{},"end":{}}],"line":45},"7":{"loc":{"start":{"line":69,"column":66},"end":{"line":69,"column":106}},"type":"cond-expr","locations":[{"start":{"line":69,"column":78},"end":{"line":69,"column":89}},{"start":{"line":69,"column":92},"end":{"line":69,"column":106}}],"line":69}},"s":{"0":0,"1":0,"2":0,"3":0,"4":0,"5":0,"6":0,"7":0,"8":0,"9":0,"10":0,"11":0,"12":0,"13":0,"14":0,"15":0,"16":0,"17":0,"18":0,"19":0,"20":0,"21":0,"22":0,"23":0,"24":0,"25":0,"26":0,"27":0,"28":0,"29":0},"f":{"0":0,"1":0,"2":0,"3":0,"4":0,"5":0,"6":0},"b":{"0":[0,0],"1":[0,0],"2":[0,0],"3":[0,0],"4":[0,0],"5":[0,0],"6":[0,0],"7":[0,0]}}
}
