{"/Users/meogyu/connected_front/src/App/App.js": {"path":"/Users/meogyu/connected_front/src/App/App.js","statementMap":{"0":{"start":{"line":5,"column":12},"end":{"line":15,"column":1}},"1":{"start":{"line":6,"column":4},"end":{"line":14,"column":6}}},"fnMap":{"0":{"name":"(anonymous_0)","decl":{"start":{"line":5,"column":12},"end":{"line":5,"column":13}},"loc":{"start":{"line":5,"column":18},"end":{"line":15,"column":1}},"line":5}},"branchMap":{},"s":{"0":1,"1":3},"f":{"0":3},"b":{},"_coverageSchema":"1a1c01bbd47fc00a2c39e90264f33305004495a9","hash":"70e25acbadfa109ce37a1d2098781e7c6b99ab64"}
,"/Users/meogyu/connected_front/src/App/AppState.js": {"path":"/Users/meogyu/connected_front/src/App/AppState.js","statementMap":{"0":{"start":{"line":7,"column":32},"end":{"line":11,"column":7}},"1":{"start":{"line":8,"column":1},"end":{"line":11,"column":7}},"2":{"start":{"line":9,"column":19},"end":{"line":9,"column":27}},"3":{"start":{"line":10,"column":2},"end":{"line":10,"column":42}},"4":{"start":{"line":13,"column":31},"end":{"line":17,"column":7}},"5":{"start":{"line":14,"column":1},"end":{"line":17,"column":7}},"6":{"start":{"line":15,"column":2},"end":{"line":15,"column":32}},"7":{"start":{"line":16,"column":2},"end":{"line":16,"column":11}},"8":{"start":{"line":19,"column":37},"end":{"line":25,"column":22}},"9":{"start":{"line":20,"column":1},"end":{"line":25,"column":22}},"10":{"start":{"line":21,"column":2},"end":{"line":21,"column":39}},"11":{"start":{"line":22,"column":2},"end":{"line":24,"column":5}},"12":{"start":{"line":27,"column":30},"end":{"line":30,"column":7}},"13":{"start":{"line":28,"column":1},"end":{"line":30,"column":7}},"14":{"start":{"line":29,"column":2},"end":{"line":29,"column":26}},"15":{"start":{"line":32,"column":31},"end":{"line":36,"column":7}},"16":{"start":{"line":33,"column":1},"end":{"line":36,"column":7}},"17":{"start":{"line":34,"column":2},"end":{"line":34,"column":29}},"18":{"start":{"line":35,"column":2},"end":{"line":35,"column":13}},"19":{"start":{"line":39,"column":32},"end":{"line":66,"column":1}},"20":{"start":{"line":40,"column":32},"end":{"line":40,"column":57}},"21":{"start":{"line":42,"column":2},"end":{"line":42,"column":47}},"22":{"start":{"line":43,"column":28},"end":{"line":43,"column":52}},"23":{"start":{"line":45,"column":1},"end":{"line":65,"column":76}},"24":{"start":{"line":46,"column":17},"end":{"line":50,"column":3}},"25":{"start":{"line":52,"column":2},"end":{"line":56,"column":3}},"26":{"start":{"line":53,"column":3},"end":{"line":55,"column":4}},"27":{"start":{"line":54,"column":4},"end":{"line":54,"column":52}},"28":{"start":{"line":58,"column":2},"end":{"line":64,"column":4}},"29":{"start":{"line":59,"column":3},"end":{"line":63,"column":4}},"30":{"start":{"line":60,"column":4},"end":{"line":62,"column":5}},"31":{"start":{"line":61,"column":5},"end":{"line":61,"column":56}},"32":{"start":{"line":69,"column":32},"end":{"line":71,"column":1}},"33":{"start":{"line":70,"column":1},"end":{"line":70,"column":15}}},"fnMap":{"0":{"name":"(anonymous_0)","decl":{"start":{"line":7,"column":32},"end":{"line":7,"column":33}},"loc":{"start":{"line":8,"column":1},"end":{"line":11,"column":7}},"line":8},"1":{"name":"(anonymous_1)","decl":{"start":{"line":8,"column":13},"end":{"line":8,"column":14}},"loc":{"start":{"line":8,"column":19},"end":{"line":11,"column":2}},"line":8},"2":{"name":"(anonymous_2)","decl":{"start":{"line":13,"column":31},"end":{"line":13,"column":32}},"loc":{"start":{"line":14,"column":1},"end":{"line":17,"column":7}},"line":14},"3":{"name":"(anonymous_3)","decl":{"start":{"line":14,"column":13},"end":{"line":14,"column":14}},"loc":{"start":{"line":14,"column":19},"end":{"line":17,"column":2}},"line":14},"4":{"name":"(anonymous_4)","decl":{"start":{"line":19,"column":37},"end":{"line":19,"column":38}},"loc":{"start":{"line":20,"column":1},"end":{"line":25,"column":22}},"line":20},"5":{"name":"(anonymous_5)","decl":{"start":{"line":20,"column":13},"end":{"line":20,"column":14}},"loc":{"start":{"line":20,"column":19},"end":{"line":25,"column":2}},"line":20},"6":{"name":"(anonymous_6)","decl":{"start":{"line":27,"column":30},"end":{"line":27,"column":31}},"loc":{"start":{"line":28,"column":1},"end":{"line":30,"column":7}},"line":28},"7":{"name":"(anonymous_7)","decl":{"start":{"line":28,"column":13},"end":{"line":28,"column":14}},"loc":{"start":{"line":28,"column":19},"end":{"line":30,"column":2}},"line":28},"8":{"name":"(anonymous_8)","decl":{"start":{"line":32,"column":31},"end":{"line":32,"column":32}},"loc":{"start":{"line":33,"column":1},"end":{"line":36,"column":7}},"line":33},"9":{"name":"(anonymous_9)","decl":{"start":{"line":33,"column":13},"end":{"line":33,"column":14}},"loc":{"start":{"line":33,"column":19},"end":{"line":36,"column":2}},"line":33},"10":{"name":"(anonymous_10)","decl":{"start":{"line":39,"column":32},"end":{"line":39,"column":33}},"loc":{"start":{"line":39,"column":51},"end":{"line":66,"column":1}},"line":39},"11":{"name":"(anonymous_11)","decl":{"start":{"line":45,"column":11},"end":{"line":45,"column":12}},"loc":{"start":{"line":45,"column":17},"end":{"line":65,"column":2}},"line":45},"12":{"name":"(anonymous_12)","decl":{"start":{"line":58,"column":9},"end":{"line":58,"column":10}},"loc":{"start":{"line":58,"column":15},"end":{"line":64,"column":3}},"line":58},"13":{"name":"(anonymous_13)","decl":{"start":{"line":69,"column":32},"end":{"line":69,"column":33}},"loc":{"start":{"line":69,"column":38},"end":{"line":71,"column":1}},"line":69}},"branchMap":{"0":{"loc":{"start":{"line":52,"column":2},"end":{"line":56,"column":3}},"type":"if","locations":[{"start":{"line":52,"column":2},"end":{"line":56,"column":3}},{"start":{},"end":{}}],"line":52},"1":{"loc":{"start":{"line":59,"column":3},"end":{"line":63,"column":4}},"type":"if","locations":[{"start":{"line":59,"column":3},"end":{"line":63,"column":4}},{"start":{},"end":{}}],"line":59}},"s":{"0":0,"1":0,"2":0,"3":0,"4":0,"5":0,"6":0,"7":0,"8":0,"9":0,"10":0,"11":0,"12":0,"13":0,"14":0,"15":0,"16":0,"17":0,"18":0,"19":0,"20":0,"21":0,"22":0,"23":0,"24":0,"25":0,"26":0,"27":0,"28":0,"29":0,"30":0,"31":0,"32":0,"33":0},"f":{"0":0,"1":0,"2":0,"3":0,"4":0,"5":0,"6":0,"7":0,"8":0,"9":0,"10":0,"11":0,"12":0,"13":0},"b":{"0":[0,0],"1":[0,0]}}
,"/Users/meogyu/connected_front/src/constants/domEvents.js": {"path":"/Users/meogyu/connected_front/src/constants/domEvents.js","statementMap":{"0":{"start":{"line":1,"column":22},"end":{"line":1,"column":29}},"1":{"start":{"line":2,"column":41},"end":{"line":2,"column":66}},"2":{"start":{"line":3,"column":33},"end":{"line":3,"column":51}},"3":{"start":{"line":4,"column":42},"end":{"line":4,"column":67}},"4":{"start":{"line":5,"column":35},"end":{"line":5,"column":54}},"5":{"start":{"line":6,"column":30},"end":{"line":6,"column":45}}},"fnMap":{},"branchMap":{},"s":{"0":0,"1":0,"2":0,"3":0,"4":0,"5":0},"f":{},"b":{}}
,"/Users/meogyu/connected_front/src/hooks/useData.js": {"path":"/Users/meogyu/connected_front/src/hooks/useData.js","statementMap":{"0":{"start":{"line":10,"column":27},"end":{"line":41,"column":1}},"1":{"start":{"line":11,"column":13},"end":{"line":11,"column":25}},"2":{"start":{"line":12,"column":27},"end":{"line":12,"column":57}},"3":{"start":{"line":14,"column":1},"end":{"line":38,"column":8}},"4":{"start":{"line":15,"column":2},"end":{"line":30,"column":3}},"5":{"start":{"line":16,"column":3},"end":{"line":16,"column":36}},"6":{"start":{"line":17,"column":3},"end":{"line":29,"column":6}},"7":{"start":{"line":23,"column":5},"end":{"line":23,"column":39}},"8":{"start":{"line":24,"column":5},"end":{"line":24,"column":19}},"9":{"start":{"line":27,"column":5},"end":{"line":27,"column":39}},"10":{"start":{"line":32,"column":2},"end":{"line":37,"column":4}},"11":{"start":{"line":33,"column":3},"end":{"line":36,"column":4}},"12":{"start":{"line":34,"column":4},"end":{"line":34,"column":25}},"13":{"start":{"line":35,"column":4},"end":{"line":35,"column":23}},"14":{"start":{"line":40,"column":1},"end":{"line":40,"column":14}},"15":{"start":{"line":45,"column":27},"end":{"line":76,"column":1}},"16":{"start":{"line":46,"column":13},"end":{"line":46,"column":25}},"17":{"start":{"line":47,"column":27},"end":{"line":47,"column":57}},"18":{"start":{"line":49,"column":1},"end":{"line":73,"column":8}},"19":{"start":{"line":50,"column":2},"end":{"line":65,"column":3}},"20":{"start":{"line":51,"column":3},"end":{"line":51,"column":36}},"21":{"start":{"line":52,"column":3},"end":{"line":64,"column":6}},"22":{"start":{"line":58,"column":5},"end":{"line":58,"column":39}},"23":{"start":{"line":59,"column":5},"end":{"line":59,"column":19}},"24":{"start":{"line":62,"column":5},"end":{"line":62,"column":39}},"25":{"start":{"line":67,"column":2},"end":{"line":72,"column":4}},"26":{"start":{"line":68,"column":3},"end":{"line":71,"column":4}},"27":{"start":{"line":69,"column":4},"end":{"line":69,"column":25}},"28":{"start":{"line":70,"column":4},"end":{"line":70,"column":23}},"29":{"start":{"line":75,"column":1},"end":{"line":75,"column":14}}},"fnMap":{"0":{"name":"(anonymous_0)","decl":{"start":{"line":10,"column":27},"end":{"line":10,"column":28}},"loc":{"start":{"line":10,"column":33},"end":{"line":41,"column":1}},"line":10},"1":{"name":"(anonymous_1)","decl":{"start":{"line":14,"column":11},"end":{"line":14,"column":12}},"loc":{"start":{"line":14,"column":17},"end":{"line":38,"column":2}},"line":14},"2":{"name":"(anonymous_2)","decl":{"start":{"line":22,"column":15},"end":{"line":22,"column":16}},"loc":{"start":{"line":22,"column":22},"end":{"line":25,"column":5}},"line":22},"3":{"name":"(anonymous_3)","decl":{"start":{"line":26,"column":15},"end":{"line":26,"column":16}},"loc":{"start":{"line":26,"column":22},"end":{"line":28,"column":5}},"line":26},"4":{"name":"(anonymous_4)","decl":{"start":{"line":32,"column":9},"end":{"line":32,"column":10}},"loc":{"start":{"line":32,"column":15},"end":{"line":37,"column":3}},"line":32},"5":{"name":"(anonymous_5)","decl":{"start":{"line":45,"column":27},"end":{"line":45,"column":28}},"loc":{"start":{"line":45,"column":33},"end":{"line":76,"column":1}},"line":45},"6":{"name":"(anonymous_6)","decl":{"start":{"line":49,"column":11},"end":{"line":49,"column":12}},"loc":{"start":{"line":49,"column":17},"end":{"line":73,"column":2}},"line":49},"7":{"name":"(anonymous_7)","decl":{"start":{"line":57,"column":15},"end":{"line":57,"column":16}},"loc":{"start":{"line":57,"column":22},"end":{"line":60,"column":5}},"line":57},"8":{"name":"(anonymous_8)","decl":{"start":{"line":61,"column":15},"end":{"line":61,"column":16}},"loc":{"start":{"line":61,"column":22},"end":{"line":63,"column":5}},"line":61},"9":{"name":"(anonymous_9)","decl":{"start":{"line":67,"column":9},"end":{"line":67,"column":10}},"loc":{"start":{"line":67,"column":15},"end":{"line":72,"column":3}},"line":67}},"branchMap":{"0":{"loc":{"start":{"line":15,"column":2},"end":{"line":30,"column":3}},"type":"if","locations":[{"start":{"line":15,"column":2},"end":{"line":30,"column":3}},{"start":{},"end":{}}],"line":15},"1":{"loc":{"start":{"line":33,"column":3},"end":{"line":36,"column":4}},"type":"if","locations":[{"start":{"line":33,"column":3},"end":{"line":36,"column":4}},{"start":{},"end":{}}],"line":33},"2":{"loc":{"start":{"line":50,"column":2},"end":{"line":65,"column":3}},"type":"if","locations":[{"start":{"line":50,"column":2},"end":{"line":65,"column":3}},{"start":{},"end":{}}],"line":50},"3":{"loc":{"start":{"line":68,"column":3},"end":{"line":71,"column":4}},"type":"if","locations":[{"start":{"line":68,"column":3},"end":{"line":71,"column":4}},{"start":{},"end":{}}],"line":68}},"s":{"0":0,"1":0,"2":0,"3":0,"4":0,"5":0,"6":0,"7":0,"8":0,"9":0,"10":0,"11":0,"12":0,"13":0,"14":0,"15":0,"16":0,"17":0,"18":0,"19":0,"20":0,"21":0,"22":0,"23":0,"24":0,"25":0,"26":0,"27":0,"28":0,"29":0},"f":{"0":0,"1":0,"2":0,"3":0,"4":0,"5":0,"6":0,"7":0,"8":0,"9":0},"b":{"0":[0,0],"1":[0,0],"2":[0,0],"3":[0,0]}}
,"/Users/meogyu/connected_front/src/libs/request.js": {"path":"/Users/meogyu/connected_front/src/libs/request.js","statementMap":{"0":{"start":{"line":5,"column":13},"end":{"line":25,"column":1}},"1":{"start":{"line":6,"column":1},"end":{"line":14,"column":2}},"2":{"start":{"line":7,"column":2},"end":{"line":13,"column":5}},"3":{"start":{"line":16,"column":1},"end":{"line":24,"column":3}},"4":{"start":{"line":17,"column":2},"end":{"line":23,"column":4}},"5":{"start":{"line":27,"column":16},"end":{"line":36,"column":1}},"6":{"start":{"line":27,"column":27},"end":{"line":36,"column":1}},"7":{"start":{"line":29,"column":1},"end":{"line":33,"column":2}},"8":{"start":{"line":35,"column":1},"end":{"line":35,"column":44}}},"fnMap":{"0":{"name":"(anonymous_0)","decl":{"start":{"line":5,"column":13},"end":{"line":5,"column":14}},"loc":{"start":{"line":5,"column":41},"end":{"line":25,"column":1}},"line":5},"1":{"name":"(anonymous_1)","decl":{"start":{"line":16,"column":20},"end":{"line":16,"column":21}},"loc":{"start":{"line":17,"column":2},"end":{"line":23,"column":4}},"line":17},"2":{"name":"(anonymous_2)","decl":{"start":{"line":27,"column":16},"end":{"line":27,"column":17}},"loc":{"start":{"line":27,"column":27},"end":{"line":36,"column":1}},"line":27},"3":{"name":"(anonymous_3)","decl":{"start":{"line":27,"column":27},"end":{"line":27,"column":28}},"loc":{"start":{"line":27,"column":39},"end":{"line":36,"column":1}},"line":27}},"branchMap":{"0":{"loc":{"start":{"line":6,"column":1},"end":{"line":14,"column":2}},"type":"if","locations":[{"start":{"line":6,"column":1},"end":{"line":14,"column":2}},{"start":{},"end":{}}],"line":6},"1":{"loc":{"start":{"line":29,"column":1},"end":{"line":33,"column":2}},"type":"if","locations":[{"start":{},"end":{}}],"line":29}},"s":{"0":1,"1":0,"2":0,"3":0,"4":0,"5":1,"6":0,"7":0,"8":0},"f":{"0":0,"1":0,"2":0,"3":0},"b":{"0":[0,0],"1":[0]},"_coverageSchema":"1a1c01bbd47fc00a2c39e90264f33305004495a9","hash":"391c3e4e86378170dfe65378f1b626eb261c8407"}
,"/Users/meogyu/connected_front/src/libs/services.js": {"path":"/Users/meogyu/connected_front/src/libs/services.js","statementMap":{"0":{"start":{"line":3,"column":19},"end":{"line":3,"column":82}},"1":{"start":{"line":3,"column":31},"end":{"line":3,"column":82}},"2":{"start":{"line":5,"column":19},"end":{"line":6,"column":57}},"3":{"start":{"line":6,"column":1},"end":{"line":6,"column":57}}},"fnMap":{"0":{"name":"(anonymous_0)","decl":{"start":{"line":3,"column":19},"end":{"line":3,"column":20}},"loc":{"start":{"line":3,"column":31},"end":{"line":3,"column":82}},"line":3},"1":{"name":"(anonymous_1)","decl":{"start":{"line":5,"column":19},"end":{"line":5,"column":20}},"loc":{"start":{"line":6,"column":1},"end":{"line":6,"column":57}},"line":6}},"branchMap":{},"s":{"0":1,"1":0,"2":1,"3":0},"f":{"0":0,"1":0},"b":{},"_coverageSchema":"1a1c01bbd47fc00a2c39e90264f33305004495a9","hash":"1f03b191a8f2370a1dfbcdf4bc66885c11f318fc"}
,"/Users/meogyu/connected_front/src/libs/testutils.js": {"path":"/Users/meogyu/connected_front/src/libs/testutils.js","statementMap":{"0":{"start":{"line":8,"column":30},"end":{"line":12,"column":1}},"1":{"start":{"line":9,"column":1},"end":{"line":11,"column":4}},"2":{"start":{"line":10,"column":2},"end":{"line":10,"column":42}},"3":{"start":{"line":14,"column":31},"end":{"line":28,"column":1}},"4":{"start":{"line":18,"column":23},"end":{"line":18,"column":52}},"5":{"start":{"line":19,"column":13},"end":{"line":19,"column":15}},"6":{"start":{"line":20,"column":1},"end":{"line":22,"column":2}},"7":{"start":{"line":21,"column":2},"end":{"line":21,"column":46}},"8":{"start":{"line":24,"column":1},"end":{"line":26,"column":4}},"9":{"start":{"line":25,"column":2},"end":{"line":25,"column":45}},"10":{"start":{"line":27,"column":1},"end":{"line":27,"column":21}},"11":{"start":{"line":30,"column":15},"end":{"line":32,"column":1}},"12":{"start":{"line":31,"column":1},"end":{"line":31,"column":41}}},"fnMap":{"0":{"name":"(anonymous_0)","decl":{"start":{"line":8,"column":30},"end":{"line":8,"column":31}},"loc":{"start":{"line":8,"column":36},"end":{"line":12,"column":1}},"line":8},"1":{"name":"(anonymous_1)","decl":{"start":{"line":9,"column":50},"end":{"line":9,"column":51}},"loc":{"start":{"line":9,"column":56},"end":{"line":11,"column":2}},"line":9},"2":{"name":"(anonymous_2)","decl":{"start":{"line":14,"column":31},"end":{"line":14,"column":32}},"loc":{"start":{"line":17,"column":5},"end":{"line":28,"column":1}},"line":17},"3":{"name":"(anonymous_3)","decl":{"start":{"line":24,"column":11},"end":{"line":24,"column":12}},"loc":{"start":{"line":24,"column":23},"end":{"line":26,"column":2}},"line":24},"4":{"name":"(anonymous_4)","decl":{"start":{"line":30,"column":15},"end":{"line":30,"column":16}},"loc":{"start":{"line":30,"column":32},"end":{"line":32,"column":1}},"line":30}},"branchMap":{"0":{"loc":{"start":{"line":16,"column":2},"end":{"line":16,"column":18}},"type":"default-arg","locations":[{"start":{"line":16,"column":13},"end":{"line":16,"column":18}}],"line":16},"1":{"loc":{"start":{"line":20,"column":1},"end":{"line":22,"column":2}},"type":"if","locations":[{"start":{"line":20,"column":1},"end":{"line":22,"column":2}},{"start":{},"end":{}}],"line":20},"2":{"loc":{"start":{"line":30,"column":16},"end":{"line":30,"column":27}},"type":"default-arg","locations":[{"start":{"line":30,"column":25},"end":{"line":30,"column":27}}],"line":30}},"s":{"0":1,"1":0,"2":0,"3":1,"4":1,"5":1,"6":1,"7":0,"8":1,"9":1,"10":0,"11":1,"12":1},"f":{"0":0,"1":0,"2":1,"3":1,"4":1},"b":{"0":[1],"1":[0,1],"2":[1]},"_coverageSchema":"1a1c01bbd47fc00a2c39e90264f33305004495a9","hash":"c1a13160b149db1baf533548f23f4574ac035e53"}
,"/Users/meogyu/connected_front/src/libs/utils.js": {"path":"/Users/meogyu/connected_front/src/libs/utils.js","statementMap":{"0":{"start":{"line":1,"column":25},"end":{"line":1,"column":57}},"1":{"start":{"line":1,"column":31},"end":{"line":1,"column":57}},"2":{"start":{"line":3,"column":27},"end":{"line":4,"column":54}},"3":{"start":{"line":4,"column":1},"end":{"line":4,"column":54}},"4":{"start":{"line":6,"column":26},"end":{"line":7,"column":68}},"5":{"start":{"line":7,"column":1},"end":{"line":7,"column":68}},"6":{"start":{"line":9,"column":24},"end":{"line":19,"column":1}},"7":{"start":{"line":10,"column":1},"end":{"line":12,"column":2}},"8":{"start":{"line":11,"column":2},"end":{"line":11,"column":9}},"9":{"start":{"line":14,"column":1},"end":{"line":17,"column":2}},"10":{"start":{"line":15,"column":2},"end":{"line":15,"column":36}},"11":{"start":{"line":16,"column":2},"end":{"line":16,"column":9}},"12":{"start":{"line":18,"column":1},"end":{"line":18,"column":28}},"13":{"start":{"line":21,"column":22},"end":{"line":27,"column":1}},"14":{"start":{"line":22,"column":1},"end":{"line":26,"column":2}},"15":{"start":{"line":23,"column":17},"end":{"line":23,"column":32}},"16":{"start":{"line":24,"column":19},"end":{"line":24,"column":59}},"17":{"start":{"line":25,"column":2},"end":{"line":25,"column":52}}},"fnMap":{"0":{"name":"(anonymous_0)","decl":{"start":{"line":1,"column":25},"end":{"line":1,"column":26}},"loc":{"start":{"line":1,"column":31},"end":{"line":1,"column":57}},"line":1},"1":{"name":"(anonymous_1)","decl":{"start":{"line":3,"column":27},"end":{"line":3,"column":28}},"loc":{"start":{"line":4,"column":1},"end":{"line":4,"column":54}},"line":4},"2":{"name":"(anonymous_2)","decl":{"start":{"line":6,"column":26},"end":{"line":6,"column":27}},"loc":{"start":{"line":7,"column":1},"end":{"line":7,"column":68}},"line":7},"3":{"name":"(anonymous_3)","decl":{"start":{"line":9,"column":24},"end":{"line":9,"column":25}},"loc":{"start":{"line":9,"column":38},"end":{"line":19,"column":1}},"line":9},"4":{"name":"(anonymous_4)","decl":{"start":{"line":21,"column":22},"end":{"line":21,"column":23}},"loc":{"start":{"line":21,"column":28},"end":{"line":27,"column":1}},"line":21}},"branchMap":{"0":{"loc":{"start":{"line":4,"column":1},"end":{"line":4,"column":54}},"type":"binary-expr","locations":[{"start":{"line":4,"column":1},"end":{"line":4,"column":12}},{"start":{"line":4,"column":16},"end":{"line":4,"column":54}}],"line":4},"1":{"loc":{"start":{"line":7,"column":1},"end":{"line":7,"column":68}},"type":"binary-expr","locations":[{"start":{"line":7,"column":1},"end":{"line":7,"column":39}},{"start":{"line":7,"column":43},"end":{"line":7,"column":68}}],"line":7},"2":{"loc":{"start":{"line":10,"column":1},"end":{"line":12,"column":2}},"type":"if","locations":[{"start":{"line":10,"column":1},"end":{"line":12,"column":2}},{"start":{},"end":{}}],"line":10},"3":{"loc":{"start":{"line":14,"column":1},"end":{"line":17,"column":2}},"type":"if","locations":[{"start":{"line":14,"column":1},"end":{"line":17,"column":2}},{"start":{},"end":{}}],"line":14},"4":{"loc":{"start":{"line":22,"column":1},"end":{"line":26,"column":2}},"type":"if","locations":[{"start":{"line":22,"column":1},"end":{"line":26,"column":2}},{"start":{},"end":{}}],"line":22}},"s":{"0":2,"1":0,"2":2,"3":0,"4":2,"5":0,"6":2,"7":0,"8":0,"9":0,"10":0,"11":0,"12":0,"13":2,"14":0,"15":0,"16":0,"17":0},"f":{"0":0,"1":0,"2":0,"3":0,"4":0},"b":{"0":[0,0],"1":[0,0],"2":[0,0],"3":[0,0],"4":[0,0]},"_coverageSchema":"1a1c01bbd47fc00a2c39e90264f33305004495a9","hash":"276bc7a2702d4623ef81c9245888a00bee952d1a"}
,"/Users/meogyu/connected_front/src/views/Login.js": {"path":"/Users/meogyu/connected_front/src/views/Login.js","statementMap":{"0":{"start":{"line":7,"column":14},"end":{"line":37,"column":1}},"1":{"start":{"line":8,"column":67},"end":{"line":8,"column":82}},"2":{"start":{"line":10,"column":4},"end":{"line":36,"column":6}}},"fnMap":{"0":{"name":"(anonymous_0)","decl":{"start":{"line":7,"column":14},"end":{"line":7,"column":15}},"loc":{"start":{"line":7,"column":20},"end":{"line":37,"column":1}},"line":7}},"branchMap":{},"s":{"0":1,"1":0,"2":0},"f":{"0":0},"b":{},"_coverageSchema":"1a1c01bbd47fc00a2c39e90264f33305004495a9","hash":"05979bb43470ded5db019fe9b8ce00643f129b4f"}
,"/Users/meogyu/connected_front/src/views/LoginState.js": {"path":"/Users/meogyu/connected_front/src/views/LoginState.js","statementMap":{"0":{"start":{"line":5,"column":29},"end":{"line":25,"column":1}},"1":{"start":{"line":6,"column":36},"end":{"line":6,"column":48}},"2":{"start":{"line":7,"column":36},"end":{"line":7,"column":48}},"3":{"start":{"line":8,"column":21},"end":{"line":8,"column":34}},"4":{"start":{"line":10,"column":30},"end":{"line":17,"column":10}},"5":{"start":{"line":11,"column":32},"end":{"line":11,"column":44}},"6":{"start":{"line":12,"column":8},"end":{"line":16,"column":9}},"7":{"start":{"line":13,"column":12},"end":{"line":13,"column":31}},"8":{"start":{"line":14,"column":15},"end":{"line":16,"column":9}},"9":{"start":{"line":15,"column":12},"end":{"line":15,"column":31}},"10":{"start":{"line":19,"column":24},"end":{"line":22,"column":18}},"11":{"start":{"line":20,"column":8},"end":{"line":20,"column":30}},"12":{"start":{"line":21,"column":8},"end":{"line":21,"column":26}},"13":{"start":{"line":24,"column":4},"end":{"line":24,"column":66}}},"fnMap":{"0":{"name":"(anonymous_0)","decl":{"start":{"line":5,"column":29},"end":{"line":5,"column":30}},"loc":{"start":{"line":5,"column":35},"end":{"line":25,"column":1}},"line":5},"1":{"name":"(anonymous_1)","decl":{"start":{"line":10,"column":42},"end":{"line":10,"column":43}},"loc":{"start":{"line":10,"column":53},"end":{"line":17,"column":5}},"line":10},"2":{"name":"(anonymous_2)","decl":{"start":{"line":19,"column":36},"end":{"line":19,"column":37}},"loc":{"start":{"line":19,"column":42},"end":{"line":22,"column":5}},"line":19}},"branchMap":{"0":{"loc":{"start":{"line":12,"column":8},"end":{"line":16,"column":9}},"type":"if","locations":[{"start":{"line":12,"column":8},"end":{"line":16,"column":9}},{"start":{"line":14,"column":15},"end":{"line":16,"column":9}}],"line":12},"1":{"loc":{"start":{"line":14,"column":15},"end":{"line":16,"column":9}},"type":"if","locations":[{"start":{"line":14,"column":15},"end":{"line":16,"column":9}},{"start":{},"end":{}}],"line":14}},"s":{"0":1,"1":0,"2":0,"3":0,"4":0,"5":0,"6":0,"7":0,"8":0,"9":0,"10":0,"11":0,"12":0,"13":0},"f":{"0":0,"1":0,"2":0},"b":{"0":[0,0],"1":[0,0]},"_coverageSchema":"1a1c01bbd47fc00a2c39e90264f33305004495a9","hash":"cc4e5051f9f85e609d73f27e0def6c016e5300d9"}
,"/Users/meogyu/connected_front/src/views/Main.js": {"path":"/Users/meogyu/connected_front/src/views/Main.js","statementMap":{"0":{"start":{"line":49,"column":13},"end":{"line":66,"column":1}},"1":{"start":{"line":50,"column":21},"end":{"line":50,"column":35}},"2":{"start":{"line":52,"column":1},"end":{"line":65,"column":3}},"3":{"start":{"line":58,"column":5},"end":{"line":61,"column":11}}},"fnMap":{"0":{"name":"(anonymous_0)","decl":{"start":{"line":49,"column":13},"end":{"line":49,"column":14}},"loc":{"start":{"line":49,"column":22},"end":{"line":66,"column":1}},"line":49},"1":{"name":"(anonymous_1)","decl":{"start":{"line":57,"column":19},"end":{"line":57,"column":20}},"loc":{"start":{"line":58,"column":5},"end":{"line":61,"column":11}},"line":58}},"branchMap":{},"s":{"0":1,"1":0,"2":0,"3":0},"f":{"0":0,"1":0},"b":{},"_coverageSchema":"1a1c01bbd47fc00a2c39e90264f33305004495a9","hash":"699cb4736324c362cdef82a3cd7d280645557a70"}
,"/Users/meogyu/connected_front/src/views/MainState.js": {"path":"/Users/meogyu/connected_front/src/views/MainState.js","statementMap":{"0":{"start":{"line":15,"column":28},"end":{"line":83,"column":1}},"1":{"start":{"line":16,"column":34},"end":{"line":16,"column":49}},"2":{"start":{"line":17,"column":35},"end":{"line":63,"column":3}},"3":{"start":{"line":65,"column":25},"end":{"line":72,"column":7}},"4":{"start":{"line":66,"column":17},"end":{"line":69,"column":4}},"5":{"start":{"line":70,"column":2},"end":{"line":70,"column":26}},"6":{"start":{"line":71,"column":2},"end":{"line":71,"column":19}},"7":{"start":{"line":74,"column":25},"end":{"line":76,"column":7}},"8":{"start":{"line":75,"column":2},"end":{"line":75,"column":18}},"9":{"start":{"line":78,"column":26},"end":{"line":80,"column":7}},"10":{"start":{"line":79,"column":2},"end":{"line":79,"column":19}},"11":{"start":{"line":82,"column":1},"end":{"line":82,"column":99}}},"fnMap":{"0":{"name":"(anonymous_0)","decl":{"start":{"line":15,"column":28},"end":{"line":15,"column":29}},"loc":{"start":{"line":15,"column":34},"end":{"line":83,"column":1}},"line":15},"1":{"name":"(anonymous_1)","decl":{"start":{"line":65,"column":37},"end":{"line":65,"column":38}},"loc":{"start":{"line":65,"column":49},"end":{"line":72,"column":2}},"line":65},"2":{"name":"(anonymous_2)","decl":{"start":{"line":74,"column":37},"end":{"line":74,"column":38}},"loc":{"start":{"line":74,"column":43},"end":{"line":76,"column":2}},"line":74},"3":{"name":"(anonymous_3)","decl":{"start":{"line":78,"column":38},"end":{"line":78,"column":39}},"loc":{"start":{"line":78,"column":44},"end":{"line":80,"column":2}},"line":78}},"branchMap":{},"s":{"0":1,"1":0,"2":0,"3":0,"4":0,"5":0,"6":0,"7":0,"8":0,"9":0,"10":0,"11":0},"f":{"0":0,"1":0,"2":0,"3":0},"b":{},"_coverageSchema":"1a1c01bbd47fc00a2c39e90264f33305004495a9","hash":"4e0a503be4ce0bc268f64ebaf1b2a2cfc1c6957a"}
}
